TN:
SF:/Users/os/Documents/code/biblio/gen-dungeon/game/src/events/adventurer_events.cairo
FN:4,dojo_starter::events::adventurer_events::AdventurerCreatedDefinition::name
FNDA:1,dojo_starter::events::adventurer_events::AdventurerCreatedDefinition::name
FN:4,dojo_starter::events::adventurer_events::AdventurerCreatedIntrospect::layout
FNDA:0,dojo_starter::events::adventurer_events::AdventurerCreatedIntrospect::layout
FN:4,dojo_starter::events::adventurer_events::AdventurerCreatedIntrospect::ty
FNDA:1,dojo_starter::events::adventurer_events::AdventurerCreatedIntrospect::ty
FN:4,dojo_starter::events::adventurer_events::AdventurerCreatedModelParser::serialize_keys
FNDA:1,dojo_starter::events::adventurer_events::AdventurerCreatedModelParser::serialize_keys
FN:4,dojo_starter::events::adventurer_events::AdventurerCreatedModelParser::serialize_values
FNDA:1,dojo_starter::events::adventurer_events::AdventurerCreatedModelParser::serialize_values
FN:4,dojo_starter::events::adventurer_events::AdventurerCreatedSerde::deserialize
FNDA:0,dojo_starter::events::adventurer_events::AdventurerCreatedSerde::deserialize
FN:4,dojo_starter::events::adventurer_events::AdventurerCreatedValueSerde::deserialize
FNDA:0,dojo_starter::events::adventurer_events::AdventurerCreatedValueSerde::deserialize
FN:21,dojo_starter::events::adventurer_events::AdventurerDiedDefinition::name
FNDA:1,dojo_starter::events::adventurer_events::AdventurerDiedDefinition::name
FN:21,dojo_starter::events::adventurer_events::AdventurerDiedIntrospect::layout
FNDA:0,dojo_starter::events::adventurer_events::AdventurerDiedIntrospect::layout
FN:21,dojo_starter::events::adventurer_events::AdventurerDiedIntrospect::ty
FNDA:1,dojo_starter::events::adventurer_events::AdventurerDiedIntrospect::ty
FN:21,dojo_starter::events::adventurer_events::AdventurerDiedModelParser::serialize_keys
FNDA:1,dojo_starter::events::adventurer_events::AdventurerDiedModelParser::serialize_keys
FN:21,dojo_starter::events::adventurer_events::AdventurerDiedModelParser::serialize_values
FNDA:1,dojo_starter::events::adventurer_events::AdventurerDiedModelParser::serialize_values
FN:21,dojo_starter::events::adventurer_events::AdventurerDiedSerde::deserialize
FNDA:0,dojo_starter::events::adventurer_events::AdventurerDiedSerde::deserialize
FN:21,dojo_starter::events::adventurer_events::AdventurerDiedValueSerde::deserialize
FNDA:0,dojo_starter::events::adventurer_events::AdventurerDiedValueSerde::deserialize
FN:12,dojo_starter::events::adventurer_events::AdventurerMovedDefinition::name
FNDA:1,dojo_starter::events::adventurer_events::AdventurerMovedDefinition::name
FN:12,dojo_starter::events::adventurer_events::AdventurerMovedIntrospect::layout
FNDA:0,dojo_starter::events::adventurer_events::AdventurerMovedIntrospect::layout
FN:12,dojo_starter::events::adventurer_events::AdventurerMovedIntrospect::ty
FNDA:1,dojo_starter::events::adventurer_events::AdventurerMovedIntrospect::ty
FN:12,dojo_starter::events::adventurer_events::AdventurerMovedModelParser::serialize_keys
FNDA:1,dojo_starter::events::adventurer_events::AdventurerMovedModelParser::serialize_keys
FN:12,dojo_starter::events::adventurer_events::AdventurerMovedModelParser::serialize_values
FNDA:1,dojo_starter::events::adventurer_events::AdventurerMovedModelParser::serialize_values
FN:12,dojo_starter::events::adventurer_events::AdventurerMovedSerde::deserialize
FNDA:0,dojo_starter::events::adventurer_events::AdventurerMovedSerde::deserialize
FN:12,dojo_starter::events::adventurer_events::AdventurerMovedValueSerde::deserialize
FNDA:0,dojo_starter::events::adventurer_events::AdventurerMovedValueSerde::deserialize
FN:4,dojo_starter::events::adventurer_events::array_inline_macro
FNDA:1,dojo_starter::events::adventurer_events::array_inline_macro
FN:4,dojo_starter::events::adventurer_events::e_AdventurerCreated::ContractStateIDeployedEventImpl::unsafe_new_contract_state
FNDA:0,dojo_starter::events::adventurer_events::e_AdventurerCreated::ContractStateIDeployedEventImpl::unsafe_new_contract_state
FN:4,dojo_starter::events::adventurer_events::e_AdventurerCreated::ContractStateIEventImpl::unsafe_new_contract_state
FNDA:0,dojo_starter::events::adventurer_events::e_AdventurerCreated::ContractStateIEventImpl::unsafe_new_contract_state
FN:4,dojo_starter::events::adventurer_events::e_AdventurerCreated::ContractStateIStoredEventImpl::unsafe_new_contract_state
FNDA:1,dojo_starter::events::adventurer_events::e_AdventurerCreated::ContractStateIStoredEventImpl::unsafe_new_contract_state
FN:4,dojo_starter::events::adventurer_events::e_AdventurerCreated::__wrapper__AdventurerCreatedImpl__ensure_abi
FNDA:0,dojo_starter::events::adventurer_events::e_AdventurerCreated::__wrapper__AdventurerCreatedImpl__ensure_abi
FN:4,dojo_starter::events::adventurer_events::e_AdventurerCreated::__wrapper__AdventurerCreatedImpl__ensure_unique
FNDA:0,dojo_starter::events::adventurer_events::e_AdventurerCreated::__wrapper__AdventurerCreatedImpl__ensure_unique
FN:4,dojo_starter::events::adventurer_events::e_AdventurerCreated::__wrapper__AdventurerCreatedImpl__ensure_values
FNDA:0,dojo_starter::events::adventurer_events::e_AdventurerCreated::__wrapper__AdventurerCreatedImpl__ensure_values
FN:21,dojo_starter::events::adventurer_events::e_AdventurerDied::ContractStateIDeployedEventImpl::unsafe_new_contract_state
FNDA:0,dojo_starter::events::adventurer_events::e_AdventurerDied::ContractStateIDeployedEventImpl::unsafe_new_contract_state
FN:21,dojo_starter::events::adventurer_events::e_AdventurerDied::ContractStateIEventImpl::unsafe_new_contract_state
FNDA:0,dojo_starter::events::adventurer_events::e_AdventurerDied::ContractStateIEventImpl::unsafe_new_contract_state
FN:21,dojo_starter::events::adventurer_events::e_AdventurerDied::ContractStateIStoredEventImpl::unsafe_new_contract_state
FNDA:1,dojo_starter::events::adventurer_events::e_AdventurerDied::ContractStateIStoredEventImpl::unsafe_new_contract_state
FN:21,dojo_starter::events::adventurer_events::e_AdventurerDied::__wrapper__AdventurerDiedImpl__ensure_abi
FNDA:0,dojo_starter::events::adventurer_events::e_AdventurerDied::__wrapper__AdventurerDiedImpl__ensure_abi
FN:21,dojo_starter::events::adventurer_events::e_AdventurerDied::__wrapper__AdventurerDiedImpl__ensure_unique
FNDA:0,dojo_starter::events::adventurer_events::e_AdventurerDied::__wrapper__AdventurerDiedImpl__ensure_unique
FN:21,dojo_starter::events::adventurer_events::e_AdventurerDied::__wrapper__AdventurerDiedImpl__ensure_values
FNDA:0,dojo_starter::events::adventurer_events::e_AdventurerDied::__wrapper__AdventurerDiedImpl__ensure_values
FN:12,dojo_starter::events::adventurer_events::e_AdventurerMoved::ContractStateIDeployedEventImpl::unsafe_new_contract_state
FNDA:0,dojo_starter::events::adventurer_events::e_AdventurerMoved::ContractStateIDeployedEventImpl::unsafe_new_contract_state
FN:12,dojo_starter::events::adventurer_events::e_AdventurerMoved::ContractStateIEventImpl::unsafe_new_contract_state
FNDA:0,dojo_starter::events::adventurer_events::e_AdventurerMoved::ContractStateIEventImpl::unsafe_new_contract_state
FN:12,dojo_starter::events::adventurer_events::e_AdventurerMoved::ContractStateIStoredEventImpl::unsafe_new_contract_state
FNDA:1,dojo_starter::events::adventurer_events::e_AdventurerMoved::ContractStateIStoredEventImpl::unsafe_new_contract_state
FN:12,dojo_starter::events::adventurer_events::e_AdventurerMoved::__wrapper__AdventurerMovedImpl__ensure_abi
FNDA:0,dojo_starter::events::adventurer_events::e_AdventurerMoved::__wrapper__AdventurerMovedImpl__ensure_abi
FN:12,dojo_starter::events::adventurer_events::e_AdventurerMoved::__wrapper__AdventurerMovedImpl__ensure_unique
FNDA:0,dojo_starter::events::adventurer_events::e_AdventurerMoved::__wrapper__AdventurerMovedImpl__ensure_unique
FN:12,dojo_starter::events::adventurer_events::e_AdventurerMoved::__wrapper__AdventurerMovedImpl__ensure_values
FNDA:0,dojo_starter::events::adventurer_events::e_AdventurerMoved::__wrapper__AdventurerMovedImpl__ensure_values
FNF:40
FNH:16
DA:4,6
DA:12,6
DA:21,6
LF:3
LH:3
end_of_record
TN:
SF:/Users/os/Documents/code/biblio/gen-dungeon/game/src/events/economic_events.cairo
FN:41,dojo_starter::events::economic_events::ClaimExpiredDefinition::name
FNDA:1,dojo_starter::events::economic_events::ClaimExpiredDefinition::name
FN:41,dojo_starter::events::economic_events::ClaimExpiredIntrospect::layout
FNDA:0,dojo_starter::events::economic_events::ClaimExpiredIntrospect::layout
FN:41,dojo_starter::events::economic_events::ClaimExpiredIntrospect::ty
FNDA:1,dojo_starter::events::economic_events::ClaimExpiredIntrospect::ty
FN:41,dojo_starter::events::economic_events::ClaimExpiredModelParser::serialize_keys
FNDA:1,dojo_starter::events::economic_events::ClaimExpiredModelParser::serialize_keys
FN:41,dojo_starter::events::economic_events::ClaimExpiredModelParser::serialize_values
FNDA:1,dojo_starter::events::economic_events::ClaimExpiredModelParser::serialize_values
FN:41,dojo_starter::events::economic_events::ClaimExpiredSerde::deserialize
FNDA:0,dojo_starter::events::economic_events::ClaimExpiredSerde::deserialize
FN:41,dojo_starter::events::economic_events::ClaimExpiredValueSerde::deserialize
FNDA:0,dojo_starter::events::economic_events::ClaimExpiredValueSerde::deserialize
FN:29,dojo_starter::events::economic_events::ClaimInitiatedDefinition::name
FNDA:1,dojo_starter::events::economic_events::ClaimInitiatedDefinition::name
FN:29,dojo_starter::events::economic_events::ClaimInitiatedIntrospect::layout
FNDA:0,dojo_starter::events::economic_events::ClaimInitiatedIntrospect::layout
FN:29,dojo_starter::events::economic_events::ClaimInitiatedIntrospect::ty
FNDA:1,dojo_starter::events::economic_events::ClaimInitiatedIntrospect::ty
FN:29,dojo_starter::events::economic_events::ClaimInitiatedModelParser::serialize_keys
FNDA:1,dojo_starter::events::economic_events::ClaimInitiatedModelParser::serialize_keys
FN:29,dojo_starter::events::economic_events::ClaimInitiatedModelParser::serialize_values
FNDA:1,dojo_starter::events::economic_events::ClaimInitiatedModelParser::serialize_values
FN:29,dojo_starter::events::economic_events::ClaimInitiatedSerde::deserialize
FNDA:0,dojo_starter::events::economic_events::ClaimInitiatedSerde::deserialize
FN:29,dojo_starter::events::economic_events::ClaimInitiatedValueSerde::deserialize
FNDA:0,dojo_starter::events::economic_events::ClaimInitiatedValueSerde::deserialize
FN:50,dojo_starter::events::economic_events::ClaimRefundedDefinition::name
FNDA:1,dojo_starter::events::economic_events::ClaimRefundedDefinition::name
FN:50,dojo_starter::events::economic_events::ClaimRefundedIntrospect::layout
FNDA:0,dojo_starter::events::economic_events::ClaimRefundedIntrospect::layout
FN:50,dojo_starter::events::economic_events::ClaimRefundedIntrospect::ty
FNDA:1,dojo_starter::events::economic_events::ClaimRefundedIntrospect::ty
FN:50,dojo_starter::events::economic_events::ClaimRefundedModelParser::serialize_keys
FNDA:1,dojo_starter::events::economic_events::ClaimRefundedModelParser::serialize_keys
FN:50,dojo_starter::events::economic_events::ClaimRefundedModelParser::serialize_values
FNDA:1,dojo_starter::events::economic_events::ClaimRefundedModelParser::serialize_values
FN:50,dojo_starter::events::economic_events::ClaimRefundedSerde::deserialize
FNDA:0,dojo_starter::events::economic_events::ClaimRefundedSerde::deserialize
FN:50,dojo_starter::events::economic_events::ClaimRefundedValueSerde::deserialize
FNDA:0,dojo_starter::events::economic_events::ClaimRefundedValueSerde::deserialize
FN:21,dojo_starter::events::economic_events::HexBecameClaimableDefinition::name
FNDA:1,dojo_starter::events::economic_events::HexBecameClaimableDefinition::name
FN:21,dojo_starter::events::economic_events::HexBecameClaimableIntrospect::layout
FNDA:0,dojo_starter::events::economic_events::HexBecameClaimableIntrospect::layout
FN:21,dojo_starter::events::economic_events::HexBecameClaimableIntrospect::ty
FNDA:1,dojo_starter::events::economic_events::HexBecameClaimableIntrospect::ty
FN:21,dojo_starter::events::economic_events::HexBecameClaimableModelParser::serialize_keys
FNDA:1,dojo_starter::events::economic_events::HexBecameClaimableModelParser::serialize_keys
FN:21,dojo_starter::events::economic_events::HexBecameClaimableModelParser::serialize_values
FNDA:1,dojo_starter::events::economic_events::HexBecameClaimableModelParser::serialize_values
FN:21,dojo_starter::events::economic_events::HexBecameClaimableSerde::deserialize
FNDA:0,dojo_starter::events::economic_events::HexBecameClaimableSerde::deserialize
FN:21,dojo_starter::events::economic_events::HexBecameClaimableValueSerde::deserialize
FNDA:0,dojo_starter::events::economic_events::HexBecameClaimableValueSerde::deserialize
FN:60,dojo_starter::events::economic_events::HexDefendedDefinition::name
FNDA:1,dojo_starter::events::economic_events::HexDefendedDefinition::name
FN:60,dojo_starter::events::economic_events::HexDefendedIntrospect::layout
FNDA:0,dojo_starter::events::economic_events::HexDefendedIntrospect::layout
FN:60,dojo_starter::events::economic_events::HexDefendedIntrospect::ty
FNDA:1,dojo_starter::events::economic_events::HexDefendedIntrospect::ty
FN:60,dojo_starter::events::economic_events::HexDefendedModelParser::serialize_keys
FNDA:1,dojo_starter::events::economic_events::HexDefendedModelParser::serialize_keys
FN:60,dojo_starter::events::economic_events::HexDefendedModelParser::serialize_values
FNDA:1,dojo_starter::events::economic_events::HexDefendedModelParser::serialize_values
FN:60,dojo_starter::events::economic_events::HexDefendedSerde::deserialize
FNDA:0,dojo_starter::events::economic_events::HexDefendedSerde::deserialize
FN:60,dojo_starter::events::economic_events::HexDefendedValueSerde::deserialize
FNDA:0,dojo_starter::events::economic_events::HexDefendedValueSerde::deserialize
FN:12,dojo_starter::events::economic_events::HexEnergyPaidDefinition::name
FNDA:1,dojo_starter::events::economic_events::HexEnergyPaidDefinition::name
FN:12,dojo_starter::events::economic_events::HexEnergyPaidIntrospect::layout
FNDA:0,dojo_starter::events::economic_events::HexEnergyPaidIntrospect::layout
FN:12,dojo_starter::events::economic_events::HexEnergyPaidIntrospect::ty
FNDA:1,dojo_starter::events::economic_events::HexEnergyPaidIntrospect::ty
FN:12,dojo_starter::events::economic_events::HexEnergyPaidModelParser::serialize_keys
FNDA:1,dojo_starter::events::economic_events::HexEnergyPaidModelParser::serialize_keys
FN:12,dojo_starter::events::economic_events::HexEnergyPaidModelParser::serialize_values
FNDA:1,dojo_starter::events::economic_events::HexEnergyPaidModelParser::serialize_values
FN:12,dojo_starter::events::economic_events::HexEnergyPaidSerde::deserialize
FNDA:0,dojo_starter::events::economic_events::HexEnergyPaidSerde::deserialize
FN:12,dojo_starter::events::economic_events::HexEnergyPaidValueSerde::deserialize
FNDA:0,dojo_starter::events::economic_events::HexEnergyPaidValueSerde::deserialize
FN:2,dojo_starter::events::economic_events::ItemsConvertedDefinition::name
FNDA:1,dojo_starter::events::economic_events::ItemsConvertedDefinition::name
FN:2,dojo_starter::events::economic_events::ItemsConvertedIntrospect::layout
FNDA:0,dojo_starter::events::economic_events::ItemsConvertedIntrospect::layout
FN:2,dojo_starter::events::economic_events::ItemsConvertedIntrospect::ty
FNDA:1,dojo_starter::events::economic_events::ItemsConvertedIntrospect::ty
FN:2,dojo_starter::events::economic_events::ItemsConvertedModelParser::serialize_keys
FNDA:1,dojo_starter::events::economic_events::ItemsConvertedModelParser::serialize_keys
FN:2,dojo_starter::events::economic_events::ItemsConvertedModelParser::serialize_values
FNDA:1,dojo_starter::events::economic_events::ItemsConvertedModelParser::serialize_values
FN:2,dojo_starter::events::economic_events::ItemsConvertedSerde::deserialize
FNDA:0,dojo_starter::events::economic_events::ItemsConvertedSerde::deserialize
FN:2,dojo_starter::events::economic_events::ItemsConvertedValueSerde::deserialize
FNDA:0,dojo_starter::events::economic_events::ItemsConvertedValueSerde::deserialize
FN:2,dojo_starter::events::economic_events::array_inline_macro
FNDA:1,dojo_starter::events::economic_events::array_inline_macro
FN:41,dojo_starter::events::economic_events::e_ClaimExpired::ContractStateIDeployedEventImpl::unsafe_new_contract_state
FNDA:0,dojo_starter::events::economic_events::e_ClaimExpired::ContractStateIDeployedEventImpl::unsafe_new_contract_state
FN:41,dojo_starter::events::economic_events::e_ClaimExpired::ContractStateIEventImpl::unsafe_new_contract_state
FNDA:0,dojo_starter::events::economic_events::e_ClaimExpired::ContractStateIEventImpl::unsafe_new_contract_state
FN:41,dojo_starter::events::economic_events::e_ClaimExpired::ContractStateIStoredEventImpl::unsafe_new_contract_state
FNDA:1,dojo_starter::events::economic_events::e_ClaimExpired::ContractStateIStoredEventImpl::unsafe_new_contract_state
FN:41,dojo_starter::events::economic_events::e_ClaimExpired::__wrapper__ClaimExpiredImpl__ensure_abi
FNDA:0,dojo_starter::events::economic_events::e_ClaimExpired::__wrapper__ClaimExpiredImpl__ensure_abi
FN:41,dojo_starter::events::economic_events::e_ClaimExpired::__wrapper__ClaimExpiredImpl__ensure_unique
FNDA:0,dojo_starter::events::economic_events::e_ClaimExpired::__wrapper__ClaimExpiredImpl__ensure_unique
FN:41,dojo_starter::events::economic_events::e_ClaimExpired::__wrapper__ClaimExpiredImpl__ensure_values
FNDA:0,dojo_starter::events::economic_events::e_ClaimExpired::__wrapper__ClaimExpiredImpl__ensure_values
FN:29,dojo_starter::events::economic_events::e_ClaimInitiated::ContractStateIDeployedEventImpl::unsafe_new_contract_state
FNDA:0,dojo_starter::events::economic_events::e_ClaimInitiated::ContractStateIDeployedEventImpl::unsafe_new_contract_state
FN:29,dojo_starter::events::economic_events::e_ClaimInitiated::ContractStateIEventImpl::unsafe_new_contract_state
FNDA:0,dojo_starter::events::economic_events::e_ClaimInitiated::ContractStateIEventImpl::unsafe_new_contract_state
FN:29,dojo_starter::events::economic_events::e_ClaimInitiated::ContractStateIStoredEventImpl::unsafe_new_contract_state
FNDA:1,dojo_starter::events::economic_events::e_ClaimInitiated::ContractStateIStoredEventImpl::unsafe_new_contract_state
FN:29,dojo_starter::events::economic_events::e_ClaimInitiated::__wrapper__ClaimInitiatedImpl__ensure_abi
FNDA:0,dojo_starter::events::economic_events::e_ClaimInitiated::__wrapper__ClaimInitiatedImpl__ensure_abi
FN:29,dojo_starter::events::economic_events::e_ClaimInitiated::__wrapper__ClaimInitiatedImpl__ensure_unique
FNDA:0,dojo_starter::events::economic_events::e_ClaimInitiated::__wrapper__ClaimInitiatedImpl__ensure_unique
FN:29,dojo_starter::events::economic_events::e_ClaimInitiated::__wrapper__ClaimInitiatedImpl__ensure_values
FNDA:0,dojo_starter::events::economic_events::e_ClaimInitiated::__wrapper__ClaimInitiatedImpl__ensure_values
FN:50,dojo_starter::events::economic_events::e_ClaimRefunded::ContractStateIDeployedEventImpl::unsafe_new_contract_state
FNDA:0,dojo_starter::events::economic_events::e_ClaimRefunded::ContractStateIDeployedEventImpl::unsafe_new_contract_state
FN:50,dojo_starter::events::economic_events::e_ClaimRefunded::ContractStateIEventImpl::unsafe_new_contract_state
FNDA:0,dojo_starter::events::economic_events::e_ClaimRefunded::ContractStateIEventImpl::unsafe_new_contract_state
FN:50,dojo_starter::events::economic_events::e_ClaimRefunded::ContractStateIStoredEventImpl::unsafe_new_contract_state
FNDA:1,dojo_starter::events::economic_events::e_ClaimRefunded::ContractStateIStoredEventImpl::unsafe_new_contract_state
FN:50,dojo_starter::events::economic_events::e_ClaimRefunded::__wrapper__ClaimRefundedImpl__ensure_abi
FNDA:0,dojo_starter::events::economic_events::e_ClaimRefunded::__wrapper__ClaimRefundedImpl__ensure_abi
FN:50,dojo_starter::events::economic_events::e_ClaimRefunded::__wrapper__ClaimRefundedImpl__ensure_unique
FNDA:0,dojo_starter::events::economic_events::e_ClaimRefunded::__wrapper__ClaimRefundedImpl__ensure_unique
FN:50,dojo_starter::events::economic_events::e_ClaimRefunded::__wrapper__ClaimRefundedImpl__ensure_values
FNDA:0,dojo_starter::events::economic_events::e_ClaimRefunded::__wrapper__ClaimRefundedImpl__ensure_values
FN:21,dojo_starter::events::economic_events::e_HexBecameClaimable::ContractStateIDeployedEventImpl::unsafe_new_contract_state
FNDA:0,dojo_starter::events::economic_events::e_HexBecameClaimable::ContractStateIDeployedEventImpl::unsafe_new_contract_state
FN:21,dojo_starter::events::economic_events::e_HexBecameClaimable::ContractStateIEventImpl::unsafe_new_contract_state
FNDA:0,dojo_starter::events::economic_events::e_HexBecameClaimable::ContractStateIEventImpl::unsafe_new_contract_state
FN:21,dojo_starter::events::economic_events::e_HexBecameClaimable::ContractStateIStoredEventImpl::unsafe_new_contract_state
FNDA:1,dojo_starter::events::economic_events::e_HexBecameClaimable::ContractStateIStoredEventImpl::unsafe_new_contract_state
FN:21,dojo_starter::events::economic_events::e_HexBecameClaimable::__wrapper__HexBecameClaimableImpl__ensure_abi
FNDA:0,dojo_starter::events::economic_events::e_HexBecameClaimable::__wrapper__HexBecameClaimableImpl__ensure_abi
FN:21,dojo_starter::events::economic_events::e_HexBecameClaimable::__wrapper__HexBecameClaimableImpl__ensure_unique
FNDA:0,dojo_starter::events::economic_events::e_HexBecameClaimable::__wrapper__HexBecameClaimableImpl__ensure_unique
FN:21,dojo_starter::events::economic_events::e_HexBecameClaimable::__wrapper__HexBecameClaimableImpl__ensure_values
FNDA:0,dojo_starter::events::economic_events::e_HexBecameClaimable::__wrapper__HexBecameClaimableImpl__ensure_values
FN:60,dojo_starter::events::economic_events::e_HexDefended::ContractStateIDeployedEventImpl::unsafe_new_contract_state
FNDA:0,dojo_starter::events::economic_events::e_HexDefended::ContractStateIDeployedEventImpl::unsafe_new_contract_state
FN:60,dojo_starter::events::economic_events::e_HexDefended::ContractStateIEventImpl::unsafe_new_contract_state
FNDA:0,dojo_starter::events::economic_events::e_HexDefended::ContractStateIEventImpl::unsafe_new_contract_state
FN:60,dojo_starter::events::economic_events::e_HexDefended::ContractStateIStoredEventImpl::unsafe_new_contract_state
FNDA:1,dojo_starter::events::economic_events::e_HexDefended::ContractStateIStoredEventImpl::unsafe_new_contract_state
FN:60,dojo_starter::events::economic_events::e_HexDefended::__wrapper__HexDefendedImpl__ensure_abi
FNDA:0,dojo_starter::events::economic_events::e_HexDefended::__wrapper__HexDefendedImpl__ensure_abi
FN:60,dojo_starter::events::economic_events::e_HexDefended::__wrapper__HexDefendedImpl__ensure_unique
FNDA:0,dojo_starter::events::economic_events::e_HexDefended::__wrapper__HexDefendedImpl__ensure_unique
FN:60,dojo_starter::events::economic_events::e_HexDefended::__wrapper__HexDefendedImpl__ensure_values
FNDA:0,dojo_starter::events::economic_events::e_HexDefended::__wrapper__HexDefendedImpl__ensure_values
FN:12,dojo_starter::events::economic_events::e_HexEnergyPaid::ContractStateIDeployedEventImpl::unsafe_new_contract_state
FNDA:0,dojo_starter::events::economic_events::e_HexEnergyPaid::ContractStateIDeployedEventImpl::unsafe_new_contract_state
FN:12,dojo_starter::events::economic_events::e_HexEnergyPaid::ContractStateIEventImpl::unsafe_new_contract_state
FNDA:0,dojo_starter::events::economic_events::e_HexEnergyPaid::ContractStateIEventImpl::unsafe_new_contract_state
FN:12,dojo_starter::events::economic_events::e_HexEnergyPaid::ContractStateIStoredEventImpl::unsafe_new_contract_state
FNDA:1,dojo_starter::events::economic_events::e_HexEnergyPaid::ContractStateIStoredEventImpl::unsafe_new_contract_state
FN:12,dojo_starter::events::economic_events::e_HexEnergyPaid::__wrapper__HexEnergyPaidImpl__ensure_abi
FNDA:0,dojo_starter::events::economic_events::e_HexEnergyPaid::__wrapper__HexEnergyPaidImpl__ensure_abi
FN:12,dojo_starter::events::economic_events::e_HexEnergyPaid::__wrapper__HexEnergyPaidImpl__ensure_unique
FNDA:0,dojo_starter::events::economic_events::e_HexEnergyPaid::__wrapper__HexEnergyPaidImpl__ensure_unique
FN:12,dojo_starter::events::economic_events::e_HexEnergyPaid::__wrapper__HexEnergyPaidImpl__ensure_values
FNDA:0,dojo_starter::events::economic_events::e_HexEnergyPaid::__wrapper__HexEnergyPaidImpl__ensure_values
FN:2,dojo_starter::events::economic_events::e_ItemsConverted::ContractStateIDeployedEventImpl::unsafe_new_contract_state
FNDA:0,dojo_starter::events::economic_events::e_ItemsConverted::ContractStateIDeployedEventImpl::unsafe_new_contract_state
FN:2,dojo_starter::events::economic_events::e_ItemsConverted::ContractStateIEventImpl::unsafe_new_contract_state
FNDA:0,dojo_starter::events::economic_events::e_ItemsConverted::ContractStateIEventImpl::unsafe_new_contract_state
FN:2,dojo_starter::events::economic_events::e_ItemsConverted::ContractStateIStoredEventImpl::unsafe_new_contract_state
FNDA:1,dojo_starter::events::economic_events::e_ItemsConverted::ContractStateIStoredEventImpl::unsafe_new_contract_state
FN:2,dojo_starter::events::economic_events::e_ItemsConverted::__wrapper__ItemsConvertedImpl__ensure_abi
FNDA:0,dojo_starter::events::economic_events::e_ItemsConverted::__wrapper__ItemsConvertedImpl__ensure_abi
FN:2,dojo_starter::events::economic_events::e_ItemsConverted::__wrapper__ItemsConvertedImpl__ensure_unique
FNDA:0,dojo_starter::events::economic_events::e_ItemsConverted::__wrapper__ItemsConvertedImpl__ensure_unique
FN:2,dojo_starter::events::economic_events::e_ItemsConverted::__wrapper__ItemsConvertedImpl__ensure_values
FNDA:0,dojo_starter::events::economic_events::e_ItemsConverted::__wrapper__ItemsConvertedImpl__ensure_values
FNF:92
FNH:36
DA:2,6
DA:12,6
DA:21,6
DA:29,6
DA:41,6
DA:50,6
DA:60,6
LF:7
LH:7
end_of_record
TN:
SF:/Users/os/Documents/code/biblio/gen-dungeon/game/src/events/harvesting_events.cairo
FN:25,dojo_starter::events::harvesting_events::HarvestingCancelledDefinition::name
FNDA:1,dojo_starter::events::harvesting_events::HarvestingCancelledDefinition::name
FN:25,dojo_starter::events::harvesting_events::HarvestingCancelledIntrospect::layout
FNDA:0,dojo_starter::events::harvesting_events::HarvestingCancelledIntrospect::layout
FN:25,dojo_starter::events::harvesting_events::HarvestingCancelledIntrospect::ty
FNDA:1,dojo_starter::events::harvesting_events::HarvestingCancelledIntrospect::ty
FN:25,dojo_starter::events::harvesting_events::HarvestingCancelledModelParser::serialize_keys
FNDA:1,dojo_starter::events::harvesting_events::HarvestingCancelledModelParser::serialize_keys
FN:25,dojo_starter::events::harvesting_events::HarvestingCancelledModelParser::serialize_values
FNDA:1,dojo_starter::events::harvesting_events::HarvestingCancelledModelParser::serialize_values
FN:25,dojo_starter::events::harvesting_events::HarvestingCancelledSerde::deserialize
FNDA:0,dojo_starter::events::harvesting_events::HarvestingCancelledSerde::deserialize
FN:25,dojo_starter::events::harvesting_events::HarvestingCancelledValueSerde::deserialize
FNDA:0,dojo_starter::events::harvesting_events::HarvestingCancelledValueSerde::deserialize
FN:14,dojo_starter::events::harvesting_events::HarvestingCompletedDefinition::name
FNDA:1,dojo_starter::events::harvesting_events::HarvestingCompletedDefinition::name
FN:14,dojo_starter::events::harvesting_events::HarvestingCompletedIntrospect::layout
FNDA:0,dojo_starter::events::harvesting_events::HarvestingCompletedIntrospect::layout
FN:14,dojo_starter::events::harvesting_events::HarvestingCompletedIntrospect::ty
FNDA:1,dojo_starter::events::harvesting_events::HarvestingCompletedIntrospect::ty
FN:14,dojo_starter::events::harvesting_events::HarvestingCompletedModelParser::serialize_keys
FNDA:1,dojo_starter::events::harvesting_events::HarvestingCompletedModelParser::serialize_keys
FN:14,dojo_starter::events::harvesting_events::HarvestingCompletedModelParser::serialize_values
FNDA:1,dojo_starter::events::harvesting_events::HarvestingCompletedModelParser::serialize_values
FN:14,dojo_starter::events::harvesting_events::HarvestingCompletedSerde::deserialize
FNDA:0,dojo_starter::events::harvesting_events::HarvestingCompletedSerde::deserialize
FN:14,dojo_starter::events::harvesting_events::HarvestingCompletedValueSerde::deserialize
FNDA:0,dojo_starter::events::harvesting_events::HarvestingCompletedValueSerde::deserialize
FN:2,dojo_starter::events::harvesting_events::HarvestingStartedDefinition::name
FNDA:1,dojo_starter::events::harvesting_events::HarvestingStartedDefinition::name
FN:2,dojo_starter::events::harvesting_events::HarvestingStartedIntrospect::layout
FNDA:0,dojo_starter::events::harvesting_events::HarvestingStartedIntrospect::layout
FN:2,dojo_starter::events::harvesting_events::HarvestingStartedIntrospect::ty
FNDA:1,dojo_starter::events::harvesting_events::HarvestingStartedIntrospect::ty
FN:2,dojo_starter::events::harvesting_events::HarvestingStartedModelParser::serialize_keys
FNDA:1,dojo_starter::events::harvesting_events::HarvestingStartedModelParser::serialize_keys
FN:2,dojo_starter::events::harvesting_events::HarvestingStartedModelParser::serialize_values
FNDA:1,dojo_starter::events::harvesting_events::HarvestingStartedModelParser::serialize_values
FN:2,dojo_starter::events::harvesting_events::HarvestingStartedSerde::deserialize
FNDA:0,dojo_starter::events::harvesting_events::HarvestingStartedSerde::deserialize
FN:2,dojo_starter::events::harvesting_events::HarvestingStartedValueSerde::deserialize
FNDA:0,dojo_starter::events::harvesting_events::HarvestingStartedValueSerde::deserialize
FN:2,dojo_starter::events::harvesting_events::array_inline_macro
FNDA:1,dojo_starter::events::harvesting_events::array_inline_macro
FN:25,dojo_starter::events::harvesting_events::e_HarvestingCancelled::ContractStateIDeployedEventImpl::unsafe_new_contract_state
FNDA:0,dojo_starter::events::harvesting_events::e_HarvestingCancelled::ContractStateIDeployedEventImpl::unsafe_new_contract_state
FN:25,dojo_starter::events::harvesting_events::e_HarvestingCancelled::ContractStateIEventImpl::unsafe_new_contract_state
FNDA:0,dojo_starter::events::harvesting_events::e_HarvestingCancelled::ContractStateIEventImpl::unsafe_new_contract_state
FN:25,dojo_starter::events::harvesting_events::e_HarvestingCancelled::ContractStateIStoredEventImpl::unsafe_new_contract_state
FNDA:1,dojo_starter::events::harvesting_events::e_HarvestingCancelled::ContractStateIStoredEventImpl::unsafe_new_contract_state
FN:25,dojo_starter::events::harvesting_events::e_HarvestingCancelled::__wrapper__HarvestingCancelledImpl__ensure_abi
FNDA:0,dojo_starter::events::harvesting_events::e_HarvestingCancelled::__wrapper__HarvestingCancelledImpl__ensure_abi
FN:25,dojo_starter::events::harvesting_events::e_HarvestingCancelled::__wrapper__HarvestingCancelledImpl__ensure_unique
FNDA:0,dojo_starter::events::harvesting_events::e_HarvestingCancelled::__wrapper__HarvestingCancelledImpl__ensure_unique
FN:25,dojo_starter::events::harvesting_events::e_HarvestingCancelled::__wrapper__HarvestingCancelledImpl__ensure_values
FNDA:0,dojo_starter::events::harvesting_events::e_HarvestingCancelled::__wrapper__HarvestingCancelledImpl__ensure_values
FN:14,dojo_starter::events::harvesting_events::e_HarvestingCompleted::ContractStateIDeployedEventImpl::unsafe_new_contract_state
FNDA:0,dojo_starter::events::harvesting_events::e_HarvestingCompleted::ContractStateIDeployedEventImpl::unsafe_new_contract_state
FN:14,dojo_starter::events::harvesting_events::e_HarvestingCompleted::ContractStateIEventImpl::unsafe_new_contract_state
FNDA:0,dojo_starter::events::harvesting_events::e_HarvestingCompleted::ContractStateIEventImpl::unsafe_new_contract_state
FN:14,dojo_starter::events::harvesting_events::e_HarvestingCompleted::ContractStateIStoredEventImpl::unsafe_new_contract_state
FNDA:1,dojo_starter::events::harvesting_events::e_HarvestingCompleted::ContractStateIStoredEventImpl::unsafe_new_contract_state
FN:14,dojo_starter::events::harvesting_events::e_HarvestingCompleted::__wrapper__HarvestingCompletedImpl__ensure_abi
FNDA:0,dojo_starter::events::harvesting_events::e_HarvestingCompleted::__wrapper__HarvestingCompletedImpl__ensure_abi
FN:14,dojo_starter::events::harvesting_events::e_HarvestingCompleted::__wrapper__HarvestingCompletedImpl__ensure_unique
FNDA:0,dojo_starter::events::harvesting_events::e_HarvestingCompleted::__wrapper__HarvestingCompletedImpl__ensure_unique
FN:14,dojo_starter::events::harvesting_events::e_HarvestingCompleted::__wrapper__HarvestingCompletedImpl__ensure_values
FNDA:0,dojo_starter::events::harvesting_events::e_HarvestingCompleted::__wrapper__HarvestingCompletedImpl__ensure_values
FN:2,dojo_starter::events::harvesting_events::e_HarvestingStarted::ContractStateIDeployedEventImpl::unsafe_new_contract_state
FNDA:0,dojo_starter::events::harvesting_events::e_HarvestingStarted::ContractStateIDeployedEventImpl::unsafe_new_contract_state
FN:2,dojo_starter::events::harvesting_events::e_HarvestingStarted::ContractStateIEventImpl::unsafe_new_contract_state
FNDA:0,dojo_starter::events::harvesting_events::e_HarvestingStarted::ContractStateIEventImpl::unsafe_new_contract_state
FN:2,dojo_starter::events::harvesting_events::e_HarvestingStarted::ContractStateIStoredEventImpl::unsafe_new_contract_state
FNDA:1,dojo_starter::events::harvesting_events::e_HarvestingStarted::ContractStateIStoredEventImpl::unsafe_new_contract_state
FN:2,dojo_starter::events::harvesting_events::e_HarvestingStarted::__wrapper__HarvestingStartedImpl__ensure_abi
FNDA:0,dojo_starter::events::harvesting_events::e_HarvestingStarted::__wrapper__HarvestingStartedImpl__ensure_abi
FN:2,dojo_starter::events::harvesting_events::e_HarvestingStarted::__wrapper__HarvestingStartedImpl__ensure_unique
FNDA:0,dojo_starter::events::harvesting_events::e_HarvestingStarted::__wrapper__HarvestingStartedImpl__ensure_unique
FN:2,dojo_starter::events::harvesting_events::e_HarvestingStarted::__wrapper__HarvestingStartedImpl__ensure_values
FNDA:0,dojo_starter::events::harvesting_events::e_HarvestingStarted::__wrapper__HarvestingStartedImpl__ensure_values
FNF:40
FNH:16
DA:2,6
DA:14,6
DA:25,6
LF:3
LH:3
end_of_record
TN:
SF:/Users/os/Documents/code/biblio/gen-dungeon/game/src/events/ownership_events.cairo
FN:2,dojo_starter::events::ownership_events::AreaOwnershipAssignedDefinition::name
FNDA:1,dojo_starter::events::ownership_events::AreaOwnershipAssignedDefinition::name
FN:2,dojo_starter::events::ownership_events::AreaOwnershipAssignedIntrospect::layout
FNDA:0,dojo_starter::events::ownership_events::AreaOwnershipAssignedIntrospect::layout
FN:2,dojo_starter::events::ownership_events::AreaOwnershipAssignedIntrospect::ty
FNDA:1,dojo_starter::events::ownership_events::AreaOwnershipAssignedIntrospect::ty
FN:2,dojo_starter::events::ownership_events::AreaOwnershipAssignedModelParser::serialize_keys
FNDA:1,dojo_starter::events::ownership_events::AreaOwnershipAssignedModelParser::serialize_keys
FN:2,dojo_starter::events::ownership_events::AreaOwnershipAssignedModelParser::serialize_values
FNDA:1,dojo_starter::events::ownership_events::AreaOwnershipAssignedModelParser::serialize_values
FN:2,dojo_starter::events::ownership_events::AreaOwnershipAssignedSerde::deserialize
FNDA:0,dojo_starter::events::ownership_events::AreaOwnershipAssignedSerde::deserialize
FN:2,dojo_starter::events::ownership_events::AreaOwnershipAssignedValueSerde::deserialize
FNDA:0,dojo_starter::events::ownership_events::AreaOwnershipAssignedValueSerde::deserialize
FN:12,dojo_starter::events::ownership_events::OwnershipTransferredDefinition::name
FNDA:1,dojo_starter::events::ownership_events::OwnershipTransferredDefinition::name
FN:12,dojo_starter::events::ownership_events::OwnershipTransferredIntrospect::layout
FNDA:0,dojo_starter::events::ownership_events::OwnershipTransferredIntrospect::layout
FN:12,dojo_starter::events::ownership_events::OwnershipTransferredIntrospect::ty
FNDA:1,dojo_starter::events::ownership_events::OwnershipTransferredIntrospect::ty
FN:12,dojo_starter::events::ownership_events::OwnershipTransferredModelParser::serialize_keys
FNDA:1,dojo_starter::events::ownership_events::OwnershipTransferredModelParser::serialize_keys
FN:12,dojo_starter::events::ownership_events::OwnershipTransferredModelParser::serialize_values
FNDA:1,dojo_starter::events::ownership_events::OwnershipTransferredModelParser::serialize_values
FN:12,dojo_starter::events::ownership_events::OwnershipTransferredSerde::deserialize
FNDA:0,dojo_starter::events::ownership_events::OwnershipTransferredSerde::deserialize
FN:12,dojo_starter::events::ownership_events::OwnershipTransferredValueSerde::deserialize
FNDA:0,dojo_starter::events::ownership_events::OwnershipTransferredValueSerde::deserialize
FN:2,dojo_starter::events::ownership_events::array_inline_macro
FNDA:1,dojo_starter::events::ownership_events::array_inline_macro
FN:2,dojo_starter::events::ownership_events::e_AreaOwnershipAssigned::ContractStateIDeployedEventImpl::unsafe_new_contract_state
FNDA:0,dojo_starter::events::ownership_events::e_AreaOwnershipAssigned::ContractStateIDeployedEventImpl::unsafe_new_contract_state
FN:2,dojo_starter::events::ownership_events::e_AreaOwnershipAssigned::ContractStateIEventImpl::unsafe_new_contract_state
FNDA:0,dojo_starter::events::ownership_events::e_AreaOwnershipAssigned::ContractStateIEventImpl::unsafe_new_contract_state
FN:2,dojo_starter::events::ownership_events::e_AreaOwnershipAssigned::ContractStateIStoredEventImpl::unsafe_new_contract_state
FNDA:1,dojo_starter::events::ownership_events::e_AreaOwnershipAssigned::ContractStateIStoredEventImpl::unsafe_new_contract_state
FN:2,dojo_starter::events::ownership_events::e_AreaOwnershipAssigned::__wrapper__AreaOwnershipAssignedImpl__ensure_abi
FNDA:0,dojo_starter::events::ownership_events::e_AreaOwnershipAssigned::__wrapper__AreaOwnershipAssignedImpl__ensure_abi
FN:2,dojo_starter::events::ownership_events::e_AreaOwnershipAssigned::__wrapper__AreaOwnershipAssignedImpl__ensure_unique
FNDA:0,dojo_starter::events::ownership_events::e_AreaOwnershipAssigned::__wrapper__AreaOwnershipAssignedImpl__ensure_unique
FN:2,dojo_starter::events::ownership_events::e_AreaOwnershipAssigned::__wrapper__AreaOwnershipAssignedImpl__ensure_values
FNDA:0,dojo_starter::events::ownership_events::e_AreaOwnershipAssigned::__wrapper__AreaOwnershipAssignedImpl__ensure_values
FN:12,dojo_starter::events::ownership_events::e_OwnershipTransferred::ContractStateIDeployedEventImpl::unsafe_new_contract_state
FNDA:0,dojo_starter::events::ownership_events::e_OwnershipTransferred::ContractStateIDeployedEventImpl::unsafe_new_contract_state
FN:12,dojo_starter::events::ownership_events::e_OwnershipTransferred::ContractStateIEventImpl::unsafe_new_contract_state
FNDA:0,dojo_starter::events::ownership_events::e_OwnershipTransferred::ContractStateIEventImpl::unsafe_new_contract_state
FN:12,dojo_starter::events::ownership_events::e_OwnershipTransferred::ContractStateIStoredEventImpl::unsafe_new_contract_state
FNDA:1,dojo_starter::events::ownership_events::e_OwnershipTransferred::ContractStateIStoredEventImpl::unsafe_new_contract_state
FN:12,dojo_starter::events::ownership_events::e_OwnershipTransferred::__wrapper__OwnershipTransferredImpl__ensure_abi
FNDA:0,dojo_starter::events::ownership_events::e_OwnershipTransferred::__wrapper__OwnershipTransferredImpl__ensure_abi
FN:12,dojo_starter::events::ownership_events::e_OwnershipTransferred::__wrapper__OwnershipTransferredImpl__ensure_unique
FNDA:0,dojo_starter::events::ownership_events::e_OwnershipTransferred::__wrapper__OwnershipTransferredImpl__ensure_unique
FN:12,dojo_starter::events::ownership_events::e_OwnershipTransferred::__wrapper__OwnershipTransferredImpl__ensure_values
FNDA:0,dojo_starter::events::ownership_events::e_OwnershipTransferred::__wrapper__OwnershipTransferredImpl__ensure_values
FNF:27
FNH:11
DA:2,6
DA:12,6
LF:2
LH:2
end_of_record
TN:
SF:/Users/os/Documents/code/biblio/gen-dungeon/game/src/events/world_events.cairo
FN:14,dojo_starter::events::world_events::AreaDiscoveredDefinition::name
FNDA:1,dojo_starter::events::world_events::AreaDiscoveredDefinition::name
FN:14,dojo_starter::events::world_events::AreaDiscoveredIntrospect::layout
FNDA:0,dojo_starter::events::world_events::AreaDiscoveredIntrospect::layout
FN:14,dojo_starter::events::world_events::AreaDiscoveredIntrospect::ty
FNDA:1,dojo_starter::events::world_events::AreaDiscoveredIntrospect::ty
FN:14,dojo_starter::events::world_events::AreaDiscoveredModelParser::serialize_keys
FNDA:1,dojo_starter::events::world_events::AreaDiscoveredModelParser::serialize_keys
FN:14,dojo_starter::events::world_events::AreaDiscoveredModelParser::serialize_values
FNDA:1,dojo_starter::events::world_events::AreaDiscoveredModelParser::serialize_values
FN:14,dojo_starter::events::world_events::AreaDiscoveredSerde::deserialize
FNDA:0,dojo_starter::events::world_events::AreaDiscoveredSerde::deserialize
FN:14,dojo_starter::events::world_events::AreaDiscoveredValueSerde::deserialize
FNDA:0,dojo_starter::events::world_events::AreaDiscoveredValueSerde::deserialize
FN:5,dojo_starter::events::world_events::HexDiscoveredDefinition::name
FNDA:1,dojo_starter::events::world_events::HexDiscoveredDefinition::name
FN:5,dojo_starter::events::world_events::HexDiscoveredIntrospect::layout
FNDA:0,dojo_starter::events::world_events::HexDiscoveredIntrospect::layout
FN:5,dojo_starter::events::world_events::HexDiscoveredIntrospect::ty
FNDA:1,dojo_starter::events::world_events::HexDiscoveredIntrospect::ty
FN:5,dojo_starter::events::world_events::HexDiscoveredModelParser::serialize_keys
FNDA:1,dojo_starter::events::world_events::HexDiscoveredModelParser::serialize_keys
FN:5,dojo_starter::events::world_events::HexDiscoveredModelParser::serialize_values
FNDA:1,dojo_starter::events::world_events::HexDiscoveredModelParser::serialize_values
FN:5,dojo_starter::events::world_events::HexDiscoveredSerde::deserialize
FNDA:0,dojo_starter::events::world_events::HexDiscoveredSerde::deserialize
FN:5,dojo_starter::events::world_events::HexDiscoveredValueSerde::deserialize
FNDA:0,dojo_starter::events::world_events::HexDiscoveredValueSerde::deserialize
FN:5,dojo_starter::events::world_events::array_inline_macro
FNDA:1,dojo_starter::events::world_events::array_inline_macro
FN:14,dojo_starter::events::world_events::e_AreaDiscovered::ContractStateIDeployedEventImpl::unsafe_new_contract_state
FNDA:0,dojo_starter::events::world_events::e_AreaDiscovered::ContractStateIDeployedEventImpl::unsafe_new_contract_state
FN:14,dojo_starter::events::world_events::e_AreaDiscovered::ContractStateIEventImpl::unsafe_new_contract_state
FNDA:0,dojo_starter::events::world_events::e_AreaDiscovered::ContractStateIEventImpl::unsafe_new_contract_state
FN:14,dojo_starter::events::world_events::e_AreaDiscovered::ContractStateIStoredEventImpl::unsafe_new_contract_state
FNDA:1,dojo_starter::events::world_events::e_AreaDiscovered::ContractStateIStoredEventImpl::unsafe_new_contract_state
FN:14,dojo_starter::events::world_events::e_AreaDiscovered::__wrapper__AreaDiscoveredImpl__ensure_abi
FNDA:0,dojo_starter::events::world_events::e_AreaDiscovered::__wrapper__AreaDiscoveredImpl__ensure_abi
FN:14,dojo_starter::events::world_events::e_AreaDiscovered::__wrapper__AreaDiscoveredImpl__ensure_unique
FNDA:0,dojo_starter::events::world_events::e_AreaDiscovered::__wrapper__AreaDiscoveredImpl__ensure_unique
FN:14,dojo_starter::events::world_events::e_AreaDiscovered::__wrapper__AreaDiscoveredImpl__ensure_values
FNDA:0,dojo_starter::events::world_events::e_AreaDiscovered::__wrapper__AreaDiscoveredImpl__ensure_values
FN:5,dojo_starter::events::world_events::e_HexDiscovered::ContractStateIDeployedEventImpl::unsafe_new_contract_state
FNDA:0,dojo_starter::events::world_events::e_HexDiscovered::ContractStateIDeployedEventImpl::unsafe_new_contract_state
FN:5,dojo_starter::events::world_events::e_HexDiscovered::ContractStateIEventImpl::unsafe_new_contract_state
FNDA:0,dojo_starter::events::world_events::e_HexDiscovered::ContractStateIEventImpl::unsafe_new_contract_state
FN:5,dojo_starter::events::world_events::e_HexDiscovered::ContractStateIStoredEventImpl::unsafe_new_contract_state
FNDA:1,dojo_starter::events::world_events::e_HexDiscovered::ContractStateIStoredEventImpl::unsafe_new_contract_state
FN:5,dojo_starter::events::world_events::e_HexDiscovered::__wrapper__HexDiscoveredImpl__ensure_abi
FNDA:0,dojo_starter::events::world_events::e_HexDiscovered::__wrapper__HexDiscoveredImpl__ensure_abi
FN:5,dojo_starter::events::world_events::e_HexDiscovered::__wrapper__HexDiscoveredImpl__ensure_unique
FNDA:0,dojo_starter::events::world_events::e_HexDiscovered::__wrapper__HexDiscoveredImpl__ensure_unique
FN:5,dojo_starter::events::world_events::e_HexDiscovered::__wrapper__HexDiscoveredImpl__ensure_values
FNDA:0,dojo_starter::events::world_events::e_HexDiscovered::__wrapper__HexDiscoveredImpl__ensure_values
FNF:27
FNH:11
DA:5,6
DA:14,6
LF:2
LH:2
end_of_record
TN:
SF:/Users/os/Documents/code/biblio/gen-dungeon/game/src/libs/adjacency.cairo
FN:38,dojo_starter::libs::adjacency::abs_i32
FNDA:1,dojo_starter::libs::adjacency::abs_i32
FN:25,dojo_starter::libs::adjacency::is_adjacent
FNDA:1,dojo_starter::libs::adjacency::is_adjacent
FN:13,dojo_starter::libs::adjacency::neighbor
FNDA:1,dojo_starter::libs::adjacency::neighbor
FNF:3
FNH:3
DA:13,1
DA:14,1
DA:15,1
DA:16,1
DA:17,1
DA:18,1
DA:19,1
DA:20,1
DA:25,1
DA:26,1
DA:27,1
DA:29,1
DA:33,1
DA:34,1
DA:38,1
DA:39,1
LF:16
LH:16
end_of_record
TN:
SF:/Users/os/Documents/code/biblio/gen-dungeon/game/src/libs/conversion_math.cairo
FN:32,dojo_starter::libs::conversion_math::effective_rate
FNDA:1,dojo_starter::libs::conversion_math::effective_rate
FN:20,dojo_starter::libs::conversion_math::effective_rate_for_window
FNDA:1,dojo_starter::libs::conversion_math::effective_rate_for_window
FN:9,dojo_starter::libs::conversion_math::penalty_bp_for_units
FNDA:1,dojo_starter::libs::conversion_math::penalty_bp_for_units
FN:50,dojo_starter::libs::conversion_math::quote_energy
FNDA:1,dojo_starter::libs::conversion_math::quote_energy
FNF:4
FNH:4
DA:9,1
DA:10,1
DA:11,1
DA:12,1
DA:15,1
DA:20,1
DA:21,1
DA:22,1
DA:23,1
DA:24,1
DA:27,1
DA:32,1
DA:36,1
DA:37,1
DA:42,1
DA:43,1
DA:50,1
DA:51,1
DA:52,1
DA:53,1
DA:56,1
LF:21
LH:21
end_of_record
TN:
SF:/Users/os/Documents/code/biblio/gen-dungeon/game/src/libs/coord_codec.cairo
FN:1,dojo_starter::libs::coord_codec::CubeCoordPartialEq::eq
FNDA:1,dojo_starter::libs::coord_codec::CubeCoordPartialEq::eq
FN:56,dojo_starter::libs::coord_codec::decode_cube
FNDA:1,dojo_starter::libs::coord_codec::decode_cube
FN:29,dojo_starter::libs::coord_codec::encode_cube
FNDA:1,dojo_starter::libs::coord_codec::encode_cube
FN:16,dojo_starter::libs::coord_codec::is_valid_cube
FNDA:1,dojo_starter::libs::coord_codec::is_valid_cube
FN:20,dojo_starter::libs::coord_codec::to_packed_axis
FNDA:1,dojo_starter::libs::coord_codec::to_packed_axis
FNF:5
FNH:5
DA:1,1
DA:16,1
DA:20,1
DA:24,1
DA:25,1
DA:29,1
DA:33,1
DA:39,1
DA:45,1
DA:52,1
DA:53,1
DA:56,0
DA:57,1
DA:58,1
DA:65,1
DA:69,1
DA:71,1
DA:72,1
DA:73,1
DA:75,1
DA:79,1
DA:80,1
DA:81,1
DA:83,1
DA:85,1
LF:25
LH:24
end_of_record
TN:
SF:/Users/os/Documents/code/biblio/gen-dungeon/game/src/libs/decay_math.cairo
FN:16,dojo_starter::libs::decay_math::maintenance_decay_recovery
FNDA:1,dojo_starter::libs::decay_math::maintenance_decay_recovery
FN:34,dojo_starter::libs::decay_math::min_claim_energy
FNDA:1,dojo_starter::libs::decay_math::min_claim_energy
FN:5,dojo_starter::libs::decay_math::upkeep_for_biome
FNDA:1,dojo_starter::libs::decay_math::upkeep_for_biome
FNF:3
FNH:3
DA:5,1
DA:16,1
DA:20,1
DA:21,1
DA:22,1
DA:23,1
DA:24,1
DA:26,1
DA:29,1
DA:34,1
DA:35,1
DA:36,1
DA:38,1
DA:40,1
DA:41,1
DA:43,1
DA:45,1
DA:48,1
LF:18
LH:18
end_of_record
TN:
SF:/Users/os/Documents/code/biblio/gen-dungeon/game/src/libs/math_bp.cairo
FN:13,dojo_starter::libs::math_bp::clamp_u128
FNDA:1,dojo_starter::libs::math_bp::clamp_u128
FN:8,dojo_starter::libs::math_bp::div_floor
FNDA:1,dojo_starter::libs::math_bp::div_floor
FN:4,dojo_starter::libs::math_bp::mul_bp_floor
FNDA:1,dojo_starter::libs::math_bp::mul_bp_floor
FNF:3
FNH:3
DA:4,1
DA:8,1
DA:9,1
DA:13,1
DA:15,1
DA:19,1
LF:6
LH:6
end_of_record
TN:
SF:/Users/os/Documents/code/biblio/gen-dungeon/game/src/models/adventurer.cairo
FN:5,dojo_starter::models::adventurer::AdventurerIntrospect::layout
FNDA:1,dojo_starter::models::adventurer::AdventurerIntrospect::layout
FN:5,dojo_starter::models::adventurer::AdventurerIntrospect::size
FNDA:0,dojo_starter::models::adventurer::AdventurerIntrospect::size
FN:5,dojo_starter::models::adventurer::AdventurerIntrospect::ty
FNDA:1,dojo_starter::models::adventurer::AdventurerIntrospect::ty
FN:5,dojo_starter::models::adventurer::AdventurerModelParser::deserialize
FNDA:1,dojo_starter::models::adventurer::AdventurerModelParser::deserialize
FN:5,dojo_starter::models::adventurer::AdventurerModelParser::serialize_keys
FNDA:1,dojo_starter::models::adventurer::AdventurerModelParser::serialize_keys
FN:5,dojo_starter::models::adventurer::AdventurerModelParser::serialize_values
FNDA:1,dojo_starter::models::adventurer::AdventurerModelParser::serialize_values
FN:5,dojo_starter::models::adventurer::AdventurerSerde::deserialize
FNDA:0,dojo_starter::models::adventurer::AdventurerSerde::deserialize
FN:5,dojo_starter::models::adventurer::AdventurerValueSerde::deserialize
FNDA:1,dojo_starter::models::adventurer::AdventurerValueSerde::deserialize
FN:18,dojo_starter::models::adventurer::AdventurerWriteStatusPartialEq::eq
FNDA:1,dojo_starter::models::adventurer::AdventurerWriteStatusPartialEq::eq
FN:5,dojo_starter::models::adventurer::array_inline_macro
FNDA:1,dojo_starter::models::adventurer::array_inline_macro
FN:39,dojo_starter::models::adventurer::can_be_controlled_by
FNDA:1,dojo_starter::models::adventurer::can_be_controlled_by
FN:55,dojo_starter::models::adventurer::kill_once_with_status
FNDA:1,dojo_starter::models::adventurer::kill_once_with_status
FN:5,dojo_starter::models::adventurer::m_Adventurer::ContractStateIDeployedModelImpl::unsafe_new_contract_state
FNDA:0,dojo_starter::models::adventurer::m_Adventurer::ContractStateIDeployedModelImpl::unsafe_new_contract_state
FN:5,dojo_starter::models::adventurer::m_Adventurer::ContractStateIModelImpl::unsafe_new_contract_state
FNDA:0,dojo_starter::models::adventurer::m_Adventurer::ContractStateIModelImpl::unsafe_new_contract_state
FN:5,dojo_starter::models::adventurer::m_Adventurer::ContractStateIStoredModelImpl::unsafe_new_contract_state
FNDA:1,dojo_starter::models::adventurer::m_Adventurer::ContractStateIStoredModelImpl::unsafe_new_contract_state
FN:5,dojo_starter::models::adventurer::m_Adventurer::__wrapper__AdventurerImpl__ensure_abi
FNDA:0,dojo_starter::models::adventurer::m_Adventurer::__wrapper__AdventurerImpl__ensure_abi
FN:5,dojo_starter::models::adventurer::m_Adventurer::__wrapper__AdventurerImpl__ensure_unique
FNDA:0,dojo_starter::models::adventurer::m_Adventurer::__wrapper__AdventurerImpl__ensure_unique
FN:5,dojo_starter::models::adventurer::m_Adventurer::__wrapper__AdventurerImpl__ensure_values
FNDA:0,dojo_starter::models::adventurer::m_Adventurer::__wrapper__AdventurerImpl__ensure_values
FN:5,dojo_starter::models::adventurer::m_Adventurer_definition::AdventurerDefinitionImpl::name
FNDA:1,dojo_starter::models::adventurer::m_Adventurer_definition::AdventurerDefinitionImpl::name
FN:32,dojo_starter::models::adventurer::origin_hex_coordinate
FNDA:1,dojo_starter::models::adventurer::origin_hex_coordinate
FN:43,dojo_starter::models::adventurer::spend_energy
FNDA:1,dojo_starter::models::adventurer::spend_energy
FNF:21
FNH:14
DA:5,9
DA:18,1
DA:32,1
DA:39,1
DA:43,1
DA:46,1
DA:50,1
DA:55,1
LF:8
LH:8
end_of_record
TN:
SF:/Users/os/Documents/code/biblio/gen-dungeon/game/src/models/deaths.cairo
FN:4,dojo_starter::models::deaths::DeathRecordIntrospect::layout
FNDA:1,dojo_starter::models::deaths::DeathRecordIntrospect::layout
FN:4,dojo_starter::models::deaths::DeathRecordIntrospect::size
FNDA:0,dojo_starter::models::deaths::DeathRecordIntrospect::size
FN:4,dojo_starter::models::deaths::DeathRecordIntrospect::ty
FNDA:1,dojo_starter::models::deaths::DeathRecordIntrospect::ty
FN:4,dojo_starter::models::deaths::DeathRecordModelParser::deserialize
FNDA:1,dojo_starter::models::deaths::DeathRecordModelParser::deserialize
FN:4,dojo_starter::models::deaths::DeathRecordModelParser::serialize_keys
FNDA:1,dojo_starter::models::deaths::DeathRecordModelParser::serialize_keys
FN:4,dojo_starter::models::deaths::DeathRecordModelParser::serialize_values
FNDA:1,dojo_starter::models::deaths::DeathRecordModelParser::serialize_values
FN:4,dojo_starter::models::deaths::DeathRecordSerde::deserialize
FNDA:0,dojo_starter::models::deaths::DeathRecordSerde::deserialize
FN:4,dojo_starter::models::deaths::DeathRecordValueSerde::deserialize
FNDA:1,dojo_starter::models::deaths::DeathRecordValueSerde::deserialize
FN:4,dojo_starter::models::deaths::array_inline_macro
FNDA:1,dojo_starter::models::deaths::array_inline_macro
FN:21,dojo_starter::models::deaths::derive_inventory_loss_hash
FNDA:1,dojo_starter::models::deaths::derive_inventory_loss_hash
FN:4,dojo_starter::models::deaths::m_DeathRecord::ContractStateIDeployedModelImpl::unsafe_new_contract_state
FNDA:0,dojo_starter::models::deaths::m_DeathRecord::ContractStateIDeployedModelImpl::unsafe_new_contract_state
FN:4,dojo_starter::models::deaths::m_DeathRecord::ContractStateIModelImpl::unsafe_new_contract_state
FNDA:0,dojo_starter::models::deaths::m_DeathRecord::ContractStateIModelImpl::unsafe_new_contract_state
FN:4,dojo_starter::models::deaths::m_DeathRecord::ContractStateIStoredModelImpl::unsafe_new_contract_state
FNDA:1,dojo_starter::models::deaths::m_DeathRecord::ContractStateIStoredModelImpl::unsafe_new_contract_state
FN:4,dojo_starter::models::deaths::m_DeathRecord::__wrapper__DeathRecordImpl__ensure_abi
FNDA:0,dojo_starter::models::deaths::m_DeathRecord::__wrapper__DeathRecordImpl__ensure_abi
FN:4,dojo_starter::models::deaths::m_DeathRecord::__wrapper__DeathRecordImpl__ensure_unique
FNDA:0,dojo_starter::models::deaths::m_DeathRecord::__wrapper__DeathRecordImpl__ensure_unique
FN:4,dojo_starter::models::deaths::m_DeathRecord::__wrapper__DeathRecordImpl__ensure_values
FNDA:0,dojo_starter::models::deaths::m_DeathRecord::__wrapper__DeathRecordImpl__ensure_values
FN:4,dojo_starter::models::deaths::m_DeathRecord_definition::DeathRecordDefinitionImpl::name
FNDA:1,dojo_starter::models::deaths::m_DeathRecord_definition::DeathRecordDefinitionImpl::name
FNF:17
FNH:10
DA:4,9
DA:21,1
DA:22,1
DA:23,1
DA:24,1
DA:25,1
LF:6
LH:6
end_of_record
TN:
SF:/Users/os/Documents/code/biblio/gen-dungeon/game/src/models/economics.cairo
FN:5,dojo_starter::models::economics::AdventurerEconomicsIntrospect::layout
FNDA:1,dojo_starter::models::economics::AdventurerEconomicsIntrospect::layout
FN:5,dojo_starter::models::economics::AdventurerEconomicsIntrospect::size
FNDA:0,dojo_starter::models::economics::AdventurerEconomicsIntrospect::size
FN:5,dojo_starter::models::economics::AdventurerEconomicsIntrospect::ty
FNDA:1,dojo_starter::models::economics::AdventurerEconomicsIntrospect::ty
FN:5,dojo_starter::models::economics::AdventurerEconomicsModelParser::deserialize
FNDA:1,dojo_starter::models::economics::AdventurerEconomicsModelParser::deserialize
FN:5,dojo_starter::models::economics::AdventurerEconomicsModelParser::serialize_keys
FNDA:1,dojo_starter::models::economics::AdventurerEconomicsModelParser::serialize_keys
FN:5,dojo_starter::models::economics::AdventurerEconomicsModelParser::serialize_values
FNDA:1,dojo_starter::models::economics::AdventurerEconomicsModelParser::serialize_values
FN:5,dojo_starter::models::economics::AdventurerEconomicsSerde::deserialize
FNDA:0,dojo_starter::models::economics::AdventurerEconomicsSerde::deserialize
FN:5,dojo_starter::models::economics::AdventurerEconomicsValueSerde::deserialize
FNDA:1,dojo_starter::models::economics::AdventurerEconomicsValueSerde::deserialize
FN:65,dojo_starter::models::economics::ClaimEscrowExpireOutcomePartialEq::eq
FNDA:1,dojo_starter::models::economics::ClaimEscrowExpireOutcomePartialEq::eq
FN:48,dojo_starter::models::economics::ClaimEscrowInitOutcomePartialEq::eq
FNDA:1,dojo_starter::models::economics::ClaimEscrowInitOutcomePartialEq::eq
FN:36,dojo_starter::models::economics::ClaimEscrowIntrospect::layout
FNDA:1,dojo_starter::models::economics::ClaimEscrowIntrospect::layout
FN:36,dojo_starter::models::economics::ClaimEscrowIntrospect::size
FNDA:0,dojo_starter::models::economics::ClaimEscrowIntrospect::size
FN:36,dojo_starter::models::economics::ClaimEscrowIntrospect::ty
FNDA:1,dojo_starter::models::economics::ClaimEscrowIntrospect::ty
FN:36,dojo_starter::models::economics::ClaimEscrowModelParser::deserialize
FNDA:1,dojo_starter::models::economics::ClaimEscrowModelParser::deserialize
FN:36,dojo_starter::models::economics::ClaimEscrowModelParser::serialize_keys
FNDA:1,dojo_starter::models::economics::ClaimEscrowModelParser::serialize_keys
FN:36,dojo_starter::models::economics::ClaimEscrowModelParser::serialize_values
FNDA:1,dojo_starter::models::economics::ClaimEscrowModelParser::serialize_values
FN:36,dojo_starter::models::economics::ClaimEscrowSerde::deserialize
FNDA:0,dojo_starter::models::economics::ClaimEscrowSerde::deserialize
FN:26,dojo_starter::models::economics::ClaimEscrowStatusDefault::default
FNDA:1,dojo_starter::models::economics::ClaimEscrowStatusDefault::default
FN:26,dojo_starter::models::economics::ClaimEscrowStatusDojoStore::dojo_deserialize
FNDA:1,dojo_starter::models::economics::ClaimEscrowStatusDojoStore::dojo_deserialize
FN:26,dojo_starter::models::economics::ClaimEscrowStatusDojoStore::dojo_serialize
FNDA:1,dojo_starter::models::economics::ClaimEscrowStatusDojoStore::dojo_serialize
FN:26,dojo_starter::models::economics::ClaimEscrowStatusIntrospect::layout
FNDA:1,dojo_starter::models::economics::ClaimEscrowStatusIntrospect::layout
FN:26,dojo_starter::models::economics::ClaimEscrowStatusIntrospect::ty
FNDA:0,dojo_starter::models::economics::ClaimEscrowStatusIntrospect::ty
FN:26,dojo_starter::models::economics::ClaimEscrowStatusPartialEq::eq
FNDA:1,dojo_starter::models::economics::ClaimEscrowStatusPartialEq::eq
FN:26,dojo_starter::models::economics::ClaimEscrowStatusSerde::deserialize
FNDA:0,dojo_starter::models::economics::ClaimEscrowStatusSerde::deserialize
FN:36,dojo_starter::models::economics::ClaimEscrowValueSerde::deserialize
FNDA:1,dojo_starter::models::economics::ClaimEscrowValueSerde::deserialize
FN:16,dojo_starter::models::economics::ConversionRateIntrospect::layout
FNDA:1,dojo_starter::models::economics::ConversionRateIntrospect::layout
FN:16,dojo_starter::models::economics::ConversionRateIntrospect::size
FNDA:0,dojo_starter::models::economics::ConversionRateIntrospect::size
FN:16,dojo_starter::models::economics::ConversionRateIntrospect::ty
FNDA:1,dojo_starter::models::economics::ConversionRateIntrospect::ty
FN:16,dojo_starter::models::economics::ConversionRateModelParser::deserialize
FNDA:1,dojo_starter::models::economics::ConversionRateModelParser::deserialize
FN:16,dojo_starter::models::economics::ConversionRateModelParser::serialize_keys
FNDA:1,dojo_starter::models::economics::ConversionRateModelParser::serialize_keys
FN:16,dojo_starter::models::economics::ConversionRateModelParser::serialize_values
FNDA:1,dojo_starter::models::economics::ConversionRateModelParser::serialize_values
FN:16,dojo_starter::models::economics::ConversionRateSerde::deserialize
FNDA:0,dojo_starter::models::economics::ConversionRateSerde::deserialize
FN:16,dojo_starter::models::economics::ConversionRateValueSerde::deserialize
FNDA:1,dojo_starter::models::economics::ConversionRateValueSerde::deserialize
FN:94,dojo_starter::models::economics::DecayProcessOutcomePartialEq::eq
FNDA:1,dojo_starter::models::economics::DecayProcessOutcomePartialEq::eq
FN:82,dojo_starter::models::economics::HexDecayStateIntrospect::layout
FNDA:1,dojo_starter::models::economics::HexDecayStateIntrospect::layout
FN:82,dojo_starter::models::economics::HexDecayStateIntrospect::size
FNDA:0,dojo_starter::models::economics::HexDecayStateIntrospect::size
FN:82,dojo_starter::models::economics::HexDecayStateIntrospect::ty
FNDA:1,dojo_starter::models::economics::HexDecayStateIntrospect::ty
FN:82,dojo_starter::models::economics::HexDecayStateModelParser::deserialize
FNDA:1,dojo_starter::models::economics::HexDecayStateModelParser::deserialize
FN:82,dojo_starter::models::economics::HexDecayStateModelParser::serialize_keys
FNDA:1,dojo_starter::models::economics::HexDecayStateModelParser::serialize_keys
FN:82,dojo_starter::models::economics::HexDecayStateModelParser::serialize_values
FNDA:1,dojo_starter::models::economics::HexDecayStateModelParser::serialize_values
FN:82,dojo_starter::models::economics::HexDecayStateSerde::deserialize
FNDA:0,dojo_starter::models::economics::HexDecayStateSerde::deserialize
FN:82,dojo_starter::models::economics::HexDecayStateValueSerde::deserialize
FNDA:1,dojo_starter::models::economics::HexDecayStateValueSerde::deserialize
FN:5,dojo_starter::models::economics::array_inline_macro
FNDA:1,dojo_starter::models::economics::array_inline_macro
FN:111,dojo_starter::models::economics::derive_hex_claim_id
FNDA:1,dojo_starter::models::economics::derive_hex_claim_id
FN:161,dojo_starter::models::economics::expire_claim_escrow_once_with_status
FNDA:1,dojo_starter::models::economics::expire_claim_escrow_once_with_status
FN:124,dojo_starter::models::economics::initiate_claim_escrow_once_with_status
FNDA:1,dojo_starter::models::economics::initiate_claim_escrow_once_with_status
FN:5,dojo_starter::models::economics::m_AdventurerEconomics::ContractStateIDeployedModelImpl::unsafe_new_contract_state
FNDA:0,dojo_starter::models::economics::m_AdventurerEconomics::ContractStateIDeployedModelImpl::unsafe_new_contract_state
FN:5,dojo_starter::models::economics::m_AdventurerEconomics::ContractStateIModelImpl::unsafe_new_contract_state
FNDA:0,dojo_starter::models::economics::m_AdventurerEconomics::ContractStateIModelImpl::unsafe_new_contract_state
FN:5,dojo_starter::models::economics::m_AdventurerEconomics::ContractStateIStoredModelImpl::unsafe_new_contract_state
FNDA:1,dojo_starter::models::economics::m_AdventurerEconomics::ContractStateIStoredModelImpl::unsafe_new_contract_state
FN:5,dojo_starter::models::economics::m_AdventurerEconomics::__wrapper__AdventurerEconomicsImpl__ensure_abi
FNDA:0,dojo_starter::models::economics::m_AdventurerEconomics::__wrapper__AdventurerEconomicsImpl__ensure_abi
FN:5,dojo_starter::models::economics::m_AdventurerEconomics::__wrapper__AdventurerEconomicsImpl__ensure_unique
FNDA:0,dojo_starter::models::economics::m_AdventurerEconomics::__wrapper__AdventurerEconomicsImpl__ensure_unique
FN:5,dojo_starter::models::economics::m_AdventurerEconomics::__wrapper__AdventurerEconomicsImpl__ensure_values
FNDA:0,dojo_starter::models::economics::m_AdventurerEconomics::__wrapper__AdventurerEconomicsImpl__ensure_values
FN:5,dojo_starter::models::economics::m_AdventurerEconomics_definition::AdventurerEconomicsDefinitionImpl::name
FNDA:1,dojo_starter::models::economics::m_AdventurerEconomics_definition::AdventurerEconomicsDefinitionImpl::name
FN:36,dojo_starter::models::economics::m_ClaimEscrow::ContractStateIDeployedModelImpl::unsafe_new_contract_state
FNDA:0,dojo_starter::models::economics::m_ClaimEscrow::ContractStateIDeployedModelImpl::unsafe_new_contract_state
FN:36,dojo_starter::models::economics::m_ClaimEscrow::ContractStateIModelImpl::unsafe_new_contract_state
FNDA:0,dojo_starter::models::economics::m_ClaimEscrow::ContractStateIModelImpl::unsafe_new_contract_state
FN:36,dojo_starter::models::economics::m_ClaimEscrow::ContractStateIStoredModelImpl::unsafe_new_contract_state
FNDA:1,dojo_starter::models::economics::m_ClaimEscrow::ContractStateIStoredModelImpl::unsafe_new_contract_state
FN:36,dojo_starter::models::economics::m_ClaimEscrow::__wrapper__ClaimEscrowImpl__ensure_abi
FNDA:0,dojo_starter::models::economics::m_ClaimEscrow::__wrapper__ClaimEscrowImpl__ensure_abi
FN:36,dojo_starter::models::economics::m_ClaimEscrow::__wrapper__ClaimEscrowImpl__ensure_unique
FNDA:0,dojo_starter::models::economics::m_ClaimEscrow::__wrapper__ClaimEscrowImpl__ensure_unique
FN:36,dojo_starter::models::economics::m_ClaimEscrow::__wrapper__ClaimEscrowImpl__ensure_values
FNDA:0,dojo_starter::models::economics::m_ClaimEscrow::__wrapper__ClaimEscrowImpl__ensure_values
FN:36,dojo_starter::models::economics::m_ClaimEscrow_definition::ClaimEscrowDefinitionImpl::name
FNDA:1,dojo_starter::models::economics::m_ClaimEscrow_definition::ClaimEscrowDefinitionImpl::name
FN:16,dojo_starter::models::economics::m_ConversionRate::ContractStateIDeployedModelImpl::unsafe_new_contract_state
FNDA:0,dojo_starter::models::economics::m_ConversionRate::ContractStateIDeployedModelImpl::unsafe_new_contract_state
FN:16,dojo_starter::models::economics::m_ConversionRate::ContractStateIModelImpl::unsafe_new_contract_state
FNDA:0,dojo_starter::models::economics::m_ConversionRate::ContractStateIModelImpl::unsafe_new_contract_state
FN:16,dojo_starter::models::economics::m_ConversionRate::ContractStateIStoredModelImpl::unsafe_new_contract_state
FNDA:1,dojo_starter::models::economics::m_ConversionRate::ContractStateIStoredModelImpl::unsafe_new_contract_state
FN:16,dojo_starter::models::economics::m_ConversionRate::__wrapper__ConversionRateImpl__ensure_abi
FNDA:0,dojo_starter::models::economics::m_ConversionRate::__wrapper__ConversionRateImpl__ensure_abi
FN:16,dojo_starter::models::economics::m_ConversionRate::__wrapper__ConversionRateImpl__ensure_unique
FNDA:0,dojo_starter::models::economics::m_ConversionRate::__wrapper__ConversionRateImpl__ensure_unique
FN:16,dojo_starter::models::economics::m_ConversionRate::__wrapper__ConversionRateImpl__ensure_values
FNDA:0,dojo_starter::models::economics::m_ConversionRate::__wrapper__ConversionRateImpl__ensure_values
FN:16,dojo_starter::models::economics::m_ConversionRate_definition::ConversionRateDefinitionImpl::name
FNDA:1,dojo_starter::models::economics::m_ConversionRate_definition::ConversionRateDefinitionImpl::name
FN:82,dojo_starter::models::economics::m_HexDecayState::ContractStateIDeployedModelImpl::unsafe_new_contract_state
FNDA:0,dojo_starter::models::economics::m_HexDecayState::ContractStateIDeployedModelImpl::unsafe_new_contract_state
FN:82,dojo_starter::models::economics::m_HexDecayState::ContractStateIModelImpl::unsafe_new_contract_state
FNDA:0,dojo_starter::models::economics::m_HexDecayState::ContractStateIModelImpl::unsafe_new_contract_state
FN:82,dojo_starter::models::economics::m_HexDecayState::ContractStateIStoredModelImpl::unsafe_new_contract_state
FNDA:1,dojo_starter::models::economics::m_HexDecayState::ContractStateIStoredModelImpl::unsafe_new_contract_state
FN:82,dojo_starter::models::economics::m_HexDecayState::__wrapper__HexDecayStateImpl__ensure_abi
FNDA:0,dojo_starter::models::economics::m_HexDecayState::__wrapper__HexDecayStateImpl__ensure_abi
FN:82,dojo_starter::models::economics::m_HexDecayState::__wrapper__HexDecayStateImpl__ensure_unique
FNDA:0,dojo_starter::models::economics::m_HexDecayState::__wrapper__HexDecayStateImpl__ensure_unique
FN:82,dojo_starter::models::economics::m_HexDecayState::__wrapper__HexDecayStateImpl__ensure_values
FNDA:0,dojo_starter::models::economics::m_HexDecayState::__wrapper__HexDecayStateImpl__ensure_values
FN:82,dojo_starter::models::economics::m_HexDecayState_definition::HexDecayStateDefinitionImpl::name
FNDA:1,dojo_starter::models::economics::m_HexDecayState_definition::HexDecayStateDefinitionImpl::name
FN:193,dojo_starter::models::economics::process_hex_decay_once_with_status
FNDA:1,dojo_starter::models::economics::process_hex_decay_once_with_status
FNF:75
FNH:45
DA:5,9
DA:16,9
DA:26,6
DA:36,9
DA:48,1
DA:65,1
DA:82,9
DA:94,1
DA:111,1
DA:124,1
DA:130,1
DA:136,1
DA:142,1
DA:148,1
DA:152,1
DA:161,1
DA:167,1
DA:173,1
DA:179,1
DA:193,1
DA:202,1
DA:203,1
DA:205,1
DA:207,1
DA:209,1
DA:218,1
DA:219,1
DA:222,1
DA:223,1
DA:224,1
DA:228,1
DA:229,1
DA:230,1
DA:232,1
DA:234,1
DA:237,1
DA:239,1
DA:242,1
DA:244,1
DA:245,1
LF:40
LH:40
end_of_record
TN:
SF:/Users/os/Documents/code/biblio/gen-dungeon/game/src/models/harvesting.cairo
FN:61,dojo_starter::models::harvesting::HarvestDeathSettleOutcomePartialEq::eq
FNDA:1,dojo_starter::models::harvesting::HarvestDeathSettleOutcomePartialEq::eq
FN:49,dojo_starter::models::harvesting::HarvestReservationIntrospect::layout
FNDA:1,dojo_starter::models::harvesting::HarvestReservationIntrospect::layout
FN:49,dojo_starter::models::harvesting::HarvestReservationIntrospect::size
FNDA:0,dojo_starter::models::harvesting::HarvestReservationIntrospect::size
FN:49,dojo_starter::models::harvesting::HarvestReservationIntrospect::ty
FNDA:1,dojo_starter::models::harvesting::HarvestReservationIntrospect::ty
FN:49,dojo_starter::models::harvesting::HarvestReservationModelParser::deserialize
FNDA:1,dojo_starter::models::harvesting::HarvestReservationModelParser::deserialize
FN:49,dojo_starter::models::harvesting::HarvestReservationModelParser::serialize_keys
FNDA:1,dojo_starter::models::harvesting::HarvestReservationModelParser::serialize_keys
FN:49,dojo_starter::models::harvesting::HarvestReservationModelParser::serialize_values
FNDA:1,dojo_starter::models::harvesting::HarvestReservationModelParser::serialize_values
FN:49,dojo_starter::models::harvesting::HarvestReservationSerde::deserialize
FNDA:0,dojo_starter::models::harvesting::HarvestReservationSerde::deserialize
FN:39,dojo_starter::models::harvesting::HarvestReservationStatusDefault::default
FNDA:1,dojo_starter::models::harvesting::HarvestReservationStatusDefault::default
FN:39,dojo_starter::models::harvesting::HarvestReservationStatusDojoStore::dojo_deserialize
FNDA:1,dojo_starter::models::harvesting::HarvestReservationStatusDojoStore::dojo_deserialize
FN:39,dojo_starter::models::harvesting::HarvestReservationStatusDojoStore::dojo_serialize
FNDA:1,dojo_starter::models::harvesting::HarvestReservationStatusDojoStore::dojo_serialize
FN:39,dojo_starter::models::harvesting::HarvestReservationStatusIntrospect::layout
FNDA:1,dojo_starter::models::harvesting::HarvestReservationStatusIntrospect::layout
FN:39,dojo_starter::models::harvesting::HarvestReservationStatusIntrospect::ty
FNDA:0,dojo_starter::models::harvesting::HarvestReservationStatusIntrospect::ty
FN:39,dojo_starter::models::harvesting::HarvestReservationStatusPartialEq::eq
FNDA:1,dojo_starter::models::harvesting::HarvestReservationStatusPartialEq::eq
FN:39,dojo_starter::models::harvesting::HarvestReservationStatusSerde::deserialize
FNDA:0,dojo_starter::models::harvesting::HarvestReservationStatusSerde::deserialize
FN:49,dojo_starter::models::harvesting::HarvestReservationValueSerde::deserialize
FNDA:1,dojo_starter::models::harvesting::HarvestReservationValueSerde::deserialize
FN:23,dojo_starter::models::harvesting::HarvestReserveOutcomePartialEq::eq
FNDA:1,dojo_starter::models::harvesting::HarvestReserveOutcomePartialEq::eq
FN:4,dojo_starter::models::harvesting::PlantNodeIntrospect::layout
FNDA:1,dojo_starter::models::harvesting::PlantNodeIntrospect::layout
FN:4,dojo_starter::models::harvesting::PlantNodeIntrospect::size
FNDA:0,dojo_starter::models::harvesting::PlantNodeIntrospect::size
FN:4,dojo_starter::models::harvesting::PlantNodeIntrospect::ty
FNDA:1,dojo_starter::models::harvesting::PlantNodeIntrospect::ty
FN:4,dojo_starter::models::harvesting::PlantNodeModelParser::deserialize
FNDA:1,dojo_starter::models::harvesting::PlantNodeModelParser::deserialize
FN:4,dojo_starter::models::harvesting::PlantNodeModelParser::serialize_keys
FNDA:1,dojo_starter::models::harvesting::PlantNodeModelParser::serialize_keys
FN:4,dojo_starter::models::harvesting::PlantNodeModelParser::serialize_values
FNDA:1,dojo_starter::models::harvesting::PlantNodeModelParser::serialize_values
FN:4,dojo_starter::models::harvesting::PlantNodeSerde::deserialize
FNDA:0,dojo_starter::models::harvesting::PlantNodeSerde::deserialize
FN:4,dojo_starter::models::harvesting::PlantNodeSerde::serialize
FNDA:0,dojo_starter::models::harvesting::PlantNodeSerde::serialize
FN:4,dojo_starter::models::harvesting::PlantNodeValueSerde::deserialize
FNDA:1,dojo_starter::models::harvesting::PlantNodeValueSerde::deserialize
FN:4,dojo_starter::models::harvesting::array_inline_macro
FNDA:1,dojo_starter::models::harvesting::array_inline_macro
FN:100,dojo_starter::models::harvesting::available_yield
FNDA:1,dojo_starter::models::harvesting::available_yield
FN:93,dojo_starter::models::harvesting::derive_harvest_item_id
FNDA:1,dojo_starter::models::harvesting::derive_harvest_item_id
FN:86,dojo_starter::models::harvesting::derive_harvest_reservation_id
FNDA:1,dojo_starter::models::harvesting::derive_harvest_reservation_id
FN:79,dojo_starter::models::harvesting::derive_plant_key
FNDA:1,dojo_starter::models::harvesting::derive_plant_key
FN:49,dojo_starter::models::harvesting::m_HarvestReservation::ContractStateIDeployedModelImpl::unsafe_new_contract_state
FNDA:0,dojo_starter::models::harvesting::m_HarvestReservation::ContractStateIDeployedModelImpl::unsafe_new_contract_state
FN:49,dojo_starter::models::harvesting::m_HarvestReservation::ContractStateIModelImpl::unsafe_new_contract_state
FNDA:0,dojo_starter::models::harvesting::m_HarvestReservation::ContractStateIModelImpl::unsafe_new_contract_state
FN:49,dojo_starter::models::harvesting::m_HarvestReservation::ContractStateIStoredModelImpl::unsafe_new_contract_state
FNDA:1,dojo_starter::models::harvesting::m_HarvestReservation::ContractStateIStoredModelImpl::unsafe_new_contract_state
FN:49,dojo_starter::models::harvesting::m_HarvestReservation::__wrapper__HarvestReservationImpl__ensure_abi
FNDA:0,dojo_starter::models::harvesting::m_HarvestReservation::__wrapper__HarvestReservationImpl__ensure_abi
FN:49,dojo_starter::models::harvesting::m_HarvestReservation::__wrapper__HarvestReservationImpl__ensure_unique
FNDA:0,dojo_starter::models::harvesting::m_HarvestReservation::__wrapper__HarvestReservationImpl__ensure_unique
FN:49,dojo_starter::models::harvesting::m_HarvestReservation::__wrapper__HarvestReservationImpl__ensure_values
FNDA:0,dojo_starter::models::harvesting::m_HarvestReservation::__wrapper__HarvestReservationImpl__ensure_values
FN:49,dojo_starter::models::harvesting::m_HarvestReservation_definition::HarvestReservationDefinitionImpl::name
FNDA:1,dojo_starter::models::harvesting::m_HarvestReservation_definition::HarvestReservationDefinitionImpl::name
FN:4,dojo_starter::models::harvesting::m_PlantNode::ContractStateIDeployedModelImpl::unsafe_new_contract_state
FNDA:0,dojo_starter::models::harvesting::m_PlantNode::ContractStateIDeployedModelImpl::unsafe_new_contract_state
FN:4,dojo_starter::models::harvesting::m_PlantNode::ContractStateIModelImpl::unsafe_new_contract_state
FNDA:0,dojo_starter::models::harvesting::m_PlantNode::ContractStateIModelImpl::unsafe_new_contract_state
FN:4,dojo_starter::models::harvesting::m_PlantNode::ContractStateIStoredModelImpl::unsafe_new_contract_state
FNDA:1,dojo_starter::models::harvesting::m_PlantNode::ContractStateIStoredModelImpl::unsafe_new_contract_state
FN:4,dojo_starter::models::harvesting::m_PlantNode::__wrapper__PlantNodeImpl__ensure_abi
FNDA:0,dojo_starter::models::harvesting::m_PlantNode::__wrapper__PlantNodeImpl__ensure_abi
FN:4,dojo_starter::models::harvesting::m_PlantNode::__wrapper__PlantNodeImpl__ensure_unique
FNDA:0,dojo_starter::models::harvesting::m_PlantNode::__wrapper__PlantNodeImpl__ensure_unique
FN:4,dojo_starter::models::harvesting::m_PlantNode::__wrapper__PlantNodeImpl__ensure_values
FNDA:0,dojo_starter::models::harvesting::m_PlantNode::__wrapper__PlantNodeImpl__ensure_values
FN:4,dojo_starter::models::harvesting::m_PlantNode_definition::PlantNodeDefinitionImpl::name
FNDA:1,dojo_starter::models::harvesting::m_PlantNode_definition::PlantNodeDefinitionImpl::name
FN:111,dojo_starter::models::harvesting::reserve_yield_once_with_status
FNDA:1,dojo_starter::models::harvesting::reserve_yield_once_with_status
FN:140,dojo_starter::models::harvesting::settle_harvest_reservation_on_death
FNDA:1,dojo_starter::models::harvesting::settle_harvest_reservation_on_death
FNF:47
FNH:30
DA:4,9
DA:23,1
DA:39,6
DA:49,9
DA:61,1
DA:79,1
DA:80,1
DA:81,1
DA:86,1
DA:93,1
DA:100,1
DA:103,1
DA:107,1
DA:111,1
DA:117,1
DA:118,1
DA:120,1
DA:126,1
DA:140,1
DA:149,1
DA:158,1
DA:167,1
DA:170,0
DA:172,1
LF:24
LH:23
end_of_record
TN:
SF:/Users/os/Documents/code/biblio/gen-dungeon/game/src/models/inventory.cairo
FN:11,dojo_starter::models::inventory::BackpackItemIntrospect::layout
FNDA:1,dojo_starter::models::inventory::BackpackItemIntrospect::layout
FN:11,dojo_starter::models::inventory::BackpackItemIntrospect::size
FNDA:0,dojo_starter::models::inventory::BackpackItemIntrospect::size
FN:11,dojo_starter::models::inventory::BackpackItemIntrospect::ty
FNDA:1,dojo_starter::models::inventory::BackpackItemIntrospect::ty
FN:11,dojo_starter::models::inventory::BackpackItemModelParser::deserialize
FNDA:1,dojo_starter::models::inventory::BackpackItemModelParser::deserialize
FN:11,dojo_starter::models::inventory::BackpackItemModelParser::serialize_keys
FNDA:1,dojo_starter::models::inventory::BackpackItemModelParser::serialize_keys
FN:11,dojo_starter::models::inventory::BackpackItemModelParser::serialize_values
FNDA:1,dojo_starter::models::inventory::BackpackItemModelParser::serialize_values
FN:11,dojo_starter::models::inventory::BackpackItemSerde::deserialize
FNDA:0,dojo_starter::models::inventory::BackpackItemSerde::deserialize
FN:11,dojo_starter::models::inventory::BackpackItemValueSerde::deserialize
FNDA:1,dojo_starter::models::inventory::BackpackItemValueSerde::deserialize
FN:2,dojo_starter::models::inventory::InventoryIntrospect::layout
FNDA:1,dojo_starter::models::inventory::InventoryIntrospect::layout
FN:2,dojo_starter::models::inventory::InventoryIntrospect::size
FNDA:0,dojo_starter::models::inventory::InventoryIntrospect::size
FN:2,dojo_starter::models::inventory::InventoryIntrospect::ty
FNDA:1,dojo_starter::models::inventory::InventoryIntrospect::ty
FN:2,dojo_starter::models::inventory::InventoryModelParser::deserialize
FNDA:1,dojo_starter::models::inventory::InventoryModelParser::deserialize
FN:2,dojo_starter::models::inventory::InventoryModelParser::serialize_keys
FNDA:1,dojo_starter::models::inventory::InventoryModelParser::serialize_keys
FN:2,dojo_starter::models::inventory::InventoryModelParser::serialize_values
FNDA:1,dojo_starter::models::inventory::InventoryModelParser::serialize_values
FN:2,dojo_starter::models::inventory::InventorySerde::deserialize
FNDA:0,dojo_starter::models::inventory::InventorySerde::deserialize
FN:2,dojo_starter::models::inventory::InventoryValueSerde::deserialize
FNDA:1,dojo_starter::models::inventory::InventoryValueSerde::deserialize
FN:36,dojo_starter::models::inventory::add_weight
FNDA:1,dojo_starter::models::inventory::add_weight
FN:2,dojo_starter::models::inventory::array_inline_macro
FNDA:1,dojo_starter::models::inventory::array_inline_macro
FN:29,dojo_starter::models::inventory::can_add_weight
FNDA:1,dojo_starter::models::inventory::can_add_weight
FN:11,dojo_starter::models::inventory::m_BackpackItem::ContractStateIDeployedModelImpl::unsafe_new_contract_state
FNDA:0,dojo_starter::models::inventory::m_BackpackItem::ContractStateIDeployedModelImpl::unsafe_new_contract_state
FN:11,dojo_starter::models::inventory::m_BackpackItem::ContractStateIModelImpl::unsafe_new_contract_state
FNDA:0,dojo_starter::models::inventory::m_BackpackItem::ContractStateIModelImpl::unsafe_new_contract_state
FN:11,dojo_starter::models::inventory::m_BackpackItem::ContractStateIStoredModelImpl::unsafe_new_contract_state
FNDA:1,dojo_starter::models::inventory::m_BackpackItem::ContractStateIStoredModelImpl::unsafe_new_contract_state
FN:11,dojo_starter::models::inventory::m_BackpackItem::__wrapper__BackpackItemImpl__ensure_abi
FNDA:0,dojo_starter::models::inventory::m_BackpackItem::__wrapper__BackpackItemImpl__ensure_abi
FN:11,dojo_starter::models::inventory::m_BackpackItem::__wrapper__BackpackItemImpl__ensure_unique
[...]
FN:29,dojo_starter::tests::unit::adventurer_manager_test::tests::adventurer_manager_regen_is_delta_based_and_capped
FNDA:1,dojo_starter::tests::unit::adventurer_manager_test::tests::adventurer_manager_regen_is_delta_based_and_capped
FNF:4
FNH:4
DA:13,1
DA:15,1
DA:16,1
DA:20,1
DA:21,1
DA:22,1
DA:23,1
DA:24,1
DA:25,1
DA:26,1
DA:29,1
DA:31,1
DA:50,1
DA:51,1
DA:52,1
DA:53,1
DA:54,1
DA:56,1
DA:59,1
DA:60,1
DA:61,1
DA:64,1
DA:66,1
DA:67,1
DA:86,1
DA:89,1
DA:90,1
DA:91,1
DA:92,1
DA:94,1
DA:97,1
DA:100,1
DA:101,1
DA:104,1
DA:106,1
DA:123,1
DA:126,1
DA:127,1
DA:128,1
DA:130,1
DA:131,1
DA:133,1
DA:136,1
LF:43
LH:43
end_of_record
TN:
SF:/Users/os/Documents/code/biblio/gen-dungeon/game/src/tests/unit/adventurer_models_test.cairo
FN:70,dojo_starter::tests::unit::adventurer_models_test::tests::adventurer_models_controlled_by_owner_only
FNDA:1,dojo_starter::tests::unit::adventurer_models_test::tests::adventurer_models_controlled_by_owner_only
FN:19,dojo_starter::tests::unit::adventurer_models_test::tests::adventurer_models_kill_is_monotonic
FNDA:1,dojo_starter::tests::unit::adventurer_models_test::tests::adventurer_models_kill_is_monotonic
FN:43,dojo_starter::tests::unit::adventurer_models_test::tests::adventurer_models_spend_energy_requires_alive_and_balance
FNDA:1,dojo_starter::tests::unit::adventurer_models_test::tests::adventurer_models_spend_energy_requires_alive_and_balance
FN:10,dojo_starter::tests::unit::adventurer_models_test::tests::origin_hex
FNDA:1,dojo_starter::tests::unit::adventurer_models_test::tests::origin_hex
FNF:4
FNH:4
DA:10,1
DA:13,0
DA:19,1
DA:23,1
DA:27,1
DA:32,1
DA:33,1
DA:34,1
DA:35,1
DA:37,1
DA:38,1
DA:39,1
DA:40,1
DA:43,1
DA:47,1
DA:51,1
DA:56,1
DA:57,1
DA:58,1
DA:59,0
DA:62,1
DA:63,1
DA:66,1
DA:67,1
DA:70,1
DA:74,1
DA:78,1
DA:83,1
DA:84,1
DA:86,1
DA:87,1
DA:90,1
DA:91,1
LF:33
LH:31
end_of_record
TN:
SF:/Users/os/Documents/code/biblio/gen-dungeon/game/src/tests/unit/conversion_math_test.cairo
FN:24,dojo_starter::tests::unit::conversion_math_test::tests::conversion_math_effective_rate_is_nonincreasing_with_volume
FNDA:1,dojo_starter::tests::unit::conversion_math_test::tests::conversion_math_effective_rate_is_nonincreasing_with_volume
FN:7,dojo_starter::tests::unit::conversion_math_test::tests::conversion_math_penalty_is_monotone_and_capped
FNDA:1,dojo_starter::tests::unit::conversion_math_test::tests::conversion_math_penalty_is_monotone_and_capped
FN:45,dojo_starter::tests::unit::conversion_math_test::tests::conversion_math_quote_energy_is_monotone_and_saturating
FNDA:1,dojo_starter::tests::unit::conversion_math_test::tests::conversion_math_quote_energy_is_monotone_and_saturating
FNF:3
FNH:3
DA:7,1
DA:11,1
DA:12,1
DA:16,1
DA:17,1
DA:18,1
DA:20,1
DA:24,1
DA:28,1
DA:29,1
DA:30,1
DA:34,1
DA:35,1
DA:36,1
DA:38,1
DA:42,1
DA:45,1
DA:50,1
DA:51,1
DA:55,1
DA:56,1
DA:57,1
DA:59,1
DA:62,1
LF:24
LH:24
end_of_record
TN:
SF:/Users/os/Documents/code/biblio/gen-dungeon/game/src/tests/unit/coord_codec_test.cairo
FN:53,dojo_starter::tests::unit::coord_codec_test::tests::coord_codec_rejects_invalid_cube_sum
FNDA:1,dojo_starter::tests::unit::coord_codec_test::tests::coord_codec_rejects_invalid_cube_sum
FN:76,dojo_starter::tests::unit::coord_codec_test::tests::coord_codec_rejects_non_u128_felt
FNDA:1,dojo_starter::tests::unit::coord_codec_test::tests::coord_codec_rejects_non_u128_felt
FN:64,dojo_starter::tests::unit::coord_codec_test::tests::coord_codec_rejects_out_of_range_felt
FNDA:1,dojo_starter::tests::unit::coord_codec_test::tests::coord_codec_rejects_out_of_range_felt
FN:29,dojo_starter::tests::unit::coord_codec_test::tests::coord_codec_roundtrip_non_origin
FNDA:1,dojo_starter::tests::unit::coord_codec_test::tests::coord_codec_roundtrip_non_origin
FN:5,dojo_starter::tests::unit::coord_codec_test::tests::coord_codec_roundtrip_origin
FNDA:1,dojo_starter::tests::unit::coord_codec_test::tests::coord_codec_roundtrip_origin
FNF:5
FNH:5
DA:5,1
DA:8,1
DA:9,1
DA:10,1
DA:12,0
DA:17,1
DA:18,1
DA:19,1
DA:21,0
DA:26,1
DA:29,1
DA:32,1
DA:33,1
DA:34,1
DA:36,0
DA:41,1
DA:42,1
DA:43,1
DA:45,0
DA:50,1
DA:53,1
DA:56,1
DA:59,0
DA:64,1
DA:68,1
DA:71,0
DA:76,1
DA:80,1
DA:83,0
LF:29
LH:22
end_of_record
TN:
SF:/Users/os/Documents/code/biblio/gen-dungeon/game/src/tests/unit/death_models_test.cairo
FN:28,dojo_starter::tests::unit::death_models_test::tests::death_models_build_record_payload
FNDA:1,dojo_starter::tests::unit::death_models_test::tests::death_models_build_record_payload
FN:6,dojo_starter::tests::unit::death_models_test::tests::death_models_inventory_loss_hash_is_deterministic
FNDA:1,dojo_starter::tests::unit::death_models_test::tests::death_models_inventory_loss_hash_is_deterministic
FNF:2
FNH:2
DA:6,1
DA:14,1
DA:17,1
DA:20,1
DA:21,1
DA:24,1
DA:25,1
DA:28,1
DA:30,1
DA:31,1
DA:35,1
DA:36,1
DA:37,1
DA:38,1
DA:39,1
LF:15
LH:15
end_of_record
TN:
SF:/Users/os/Documents/code/biblio/gen-dungeon/game/src/tests/unit/decay_math_test.cairo
FN:25,dojo_starter::tests::unit::decay_math_test::tests::decay_math_min_claim_energy_is_bounded_and_decay_monotone
FNDA:1,dojo_starter::tests::unit::decay_math_test::tests::decay_math_min_claim_energy_is_bounded_and_decay_monotone
FN:5,dojo_starter::tests::unit::decay_math_test::tests::decay_math_recovery_is_monotone_with_payment_and_bounded
FNDA:1,dojo_starter::tests::unit::decay_math_test::tests::decay_math_recovery_is_monotone_with_payment_and_bounded
FNF:2
FNH:2
DA:5,1
DA:12,1
DA:13,1
DA:17,1
DA:18,1
DA:19,1
DA:21,1
DA:25,1
DA:31,1
DA:32,1
DA:33,1
DA:37,1
DA:38,1
DA:39,1
DA:40,1
DA:42,1
DA:45,1
DA:46,1
LF:18
LH:18
end_of_record
TN:
SF:/Users/os/Documents/code/biblio/gen-dungeon/game/src/tests/unit/economic_manager_test.cairo
FN:506,dojo_starter::tests::unit::economic_manager_test::tests::economic_manager_claim_elapsed_uses_zero_when_now_precedes_claimable_since
FNDA:1,dojo_starter::tests::unit::economic_manager_test::tests::economic_manager_claim_elapsed_uses_zero_when_now_precedes_claimable_since
FN:233,dojo_starter::tests::unit::economic_manager_test::tests::economic_manager_claim_immediate_resolves_escrow_and_transfers_control
FNDA:1,dojo_starter::tests::unit::economic_manager_test::tests::economic_manager_claim_immediate_resolves_escrow_and_transfers_control
FN:128,dojo_starter::tests::unit::economic_manager_test::tests::economic_manager_claim_pending_then_defend_refunds_claimant
FNDA:1,dojo_starter::tests::unit::economic_manager_test::tests::economic_manager_claim_pending_then_defend_refunds_claimant
FN:458,dojo_starter::tests::unit::economic_manager_test::tests::economic_manager_convert_at_energy_cap_mints_zero_but_burns_items
FNDA:1,dojo_starter::tests::unit::economic_manager_test::tests::economic_manager_convert_at_energy_cap_mints_zero_but_burns_items
FN:16,dojo_starter::tests::unit::economic_manager_test::tests::economic_manager_convert_burns_items_and_mints_energy
FNDA:1,dojo_starter::tests::unit::economic_manager_test::tests::economic_manager_convert_burns_items_and_mints_energy
FN:376,dojo_starter::tests::unit::economic_manager_test::tests::economic_manager_convert_saturates_window_counter
FNDA:1,dojo_starter::tests::unit::economic_manager_test::tests::economic_manager_convert_saturates_window_counter
FN:297,dojo_starter::tests::unit::economic_manager_test::tests::economic_manager_defend_expired_claim_marks_expired_and_refunds
FNDA:1,dojo_starter::tests::unit::economic_manager_test::tests::economic_manager_defend_expired_claim_marks_expired_and_refunds
FN:65,dojo_starter::tests::unit::economic_manager_test::tests::economic_manager_pay_maintenance_requires_controller_and_spends_energy
FNDA:1,dojo_starter::tests::unit::economic_manager_test::tests::economic_manager_pay_maintenance_requires_controller_and_spends_energy
FN:420,dojo_starter::tests::unit::economic_manager_test::tests::economic_manager_pay_saturates_hex_reserve
FNDA:1,dojo_starter::tests::unit::economic_manager_test::tests::economic_manager_pay_saturates_hex_reserve
FN:107,dojo_starter::tests::unit::economic_manager_test::tests::economic_manager_process_decay_sets_claimable_checkpoint
FNDA:1,dojo_starter::tests::unit::economic_manager_test::tests::economic_manager_process_decay_sets_claimable_checkpoint
FNF:10
FNH:10
DA:16,1
DA:18,1
DA:52,1
DA:56,1
DA:57,1
DA:58,1
DA:59,1
DA:60,1
DA:61,1
DA:62,1
DA:65,1
DA:67,1
DA:95,1
DA:99,1
DA:100,1
DA:101,1
DA:102,1
DA:103,1
DA:104,1
DA:107,1
DA:119,1
DA:121,1
DA:122,1
DA:123,1
DA:124,1
DA:125,1
DA:128,1
DA:130,1
DA:131,1
DA:178,1
DA:189,1
DA:204,1
DA:205,1
DA:206,1
DA:207,1
DA:208,1
DA:210,1
DA:225,1
DA:226,1
DA:227,1
DA:228,1
DA:229,1
DA:230,1
DA:233,1
DA:235,1
DA:263,1
DA:272,1
DA:287,1
DA:288,1
DA:289,1
DA:290,1
DA:291,1
DA:292,1
DA:293,1
DA:294,1
DA:297,1
DA:299,1
DA:319,1
DA:344,1
DA:353,1
DA:368,1
DA:369,1
DA:370,1
DA:371,1
DA:372,1
DA:373,1
DA:376,1
DA:378,1
DA:412,1
DA:416,1
DA:417,1
DA:420,1
DA:422,1
DA:450,1
DA:454,1
DA:455,1
DA:458,1
DA:460,1
DA:494,1
DA:498,1
DA:499,1
DA:500,1
DA:501,1
DA:502,1
DA:503,1
DA:506,1
DA:508,1
DA:536,1
DA:545,1
DA:560,1
DA:561,1
DA:562,1
DA:563,1
LF:93
LH:93
end_of_record
TN:
SF:/Users/os/Documents/code/biblio/gen-dungeon/game/src/tests/unit/harvesting_events_test.cairo
FN:43,dojo_starter::tests::unit::harvesting_events_test::tests::harvesting_events_cancelled_payload_shape
FNDA:1,dojo_starter::tests::unit::harvesting_events_test::tests::harvesting_events_cancelled_payload_shape
FN:26,dojo_starter::tests::unit::harvesting_events_test::tests::harvesting_events_completed_payload_shape
FNDA:1,dojo_starter::tests::unit::harvesting_events_test::tests::harvesting_events_completed_payload_shape
FN:7,dojo_starter::tests::unit::harvesting_events_test::tests::harvesting_events_started_payload_shape
FNDA:1,dojo_starter::tests::unit::harvesting_events_test::tests::harvesting_events_started_payload_shape
FNF:3
FNH:3
DA:7,1
DA:18,1
DA:19,1
DA:20,1
DA:21,1
DA:22,1
DA:23,1
DA:26,1
DA:36,1
DA:37,1
DA:38,1
DA:39,1
DA:40,1
DA:43,1
DA:50,1
DA:51,1
LF:16
LH:16
end_of_record
TN:
SF:/Users/os/Documents/code/biblio/gen-dungeon/game/src/tests/unit/harvesting_manager_test.cairo
FN:132,dojo_starter::tests::unit::harvesting_manager_test::tests::harvesting_manager_complete_and_cancel_settle_lifecycle
FNDA:1,dojo_starter::tests::unit::harvesting_manager_test::tests::harvesting_manager_complete_and_cancel_settle_lifecycle
FN:44,dojo_starter::tests::unit::harvesting_manager_test::tests::harvesting_manager_init_requires_discovered_hex
FNDA:1,dojo_starter::tests::unit::harvesting_manager_test::tests::harvesting_manager_init_requires_discovered_hex
FN:78,dojo_starter::tests::unit::harvesting_manager_test::tests::harvesting_manager_start_checks_preconditions_and_spends_energy
FNDA:1,dojo_starter::tests::unit::harvesting_manager_test::tests::harvesting_manager_start_checks_preconditions_and_spends_energy
FN:220,dojo_starter::tests::unit::harvesting_manager_test::tests::harvesting_manager_start_reports_reserve_failures
FNDA:1,dojo_starter::tests::unit::harvesting_manager_test::tests::harvesting_manager_start_reports_reserve_failures
FN:280,dojo_starter::tests::unit::harvesting_manager_test::tests::harvesting_models_settle_death_clamps_release_to_reserved_yield
FNDA:1,dojo_starter::tests::unit::harvesting_manager_test::tests::harvesting_models_settle_death_clamps_release_to_reserved_yield
FN:18,dojo_starter::tests::unit::harvesting_manager_test::tests::setup_actor
FNDA:1,dojo_starter::tests::unit::harvesting_manager_test::tests::setup_actor
FNF:6
FNH:6
DA:18,1
DA:44,1
DA:46,1
DA:48,1
DA:61,1
DA:64,1
DA:67,1
DA:69,1
DA:72,1
DA:73,1
DA:74,1
DA:75,1
DA:78,1
DA:80,1
DA:81,1
DA:99,1
DA:108,1
DA:111,1
DA:112,1
DA:113,1
DA:114,1
DA:115,1
DA:117,1
DA:129,1
DA:132,1
DA:134,1
DA:135,1
DA:138,1
DA:160,1
DA:169,1
DA:172,1
DA:181,1
DA:183,1
DA:186,1
DA:187,1
DA:188,1
DA:189,1
DA:190,1
DA:191,1
DA:193,1
DA:205,1
DA:214,1
DA:215,1
DA:216,1
DA:217,1
DA:220,1
DA:222,1
DA:223,1
DA:225,1
DA:250,1
DA:262,1
DA:265,1
DA:277,1
DA:280,1
DA:282,1
DA:283,1
DA:301,1
DA:310,1
DA:311,1
DA:312,1
DA:313,1
DA:314,1
DA:315,1
LF:63
LH:63
end_of_record
TN:
SF:/Users/os/Documents/code/biblio/gen-dungeon/game/src/tests/unit/inventory_models_test.cairo
FN:24,dojo_starter::tests::unit::inventory_models_test::tests::inventory_models_backpack_item_weight_and_clear
FNDA:1,dojo_starter::tests::unit::inventory_models_test::tests::inventory_models_backpack_item_weight_and_clear
FN:7,dojo_starter::tests::unit::inventory_models_test::tests::inventory_models_weight_capacity_guards
FNDA:1,dojo_starter::tests::unit::inventory_models_test::tests::inventory_models_weight_capacity_guards
FNF:2
FNH:2
DA:7,1
DA:11,1
DA:12,1
DA:14,1
DA:15,1
DA:16,1
DA:17,0
DA:20,1
DA:21,1
DA:24,1
DA:34,1
DA:37,1
DA:38,1
DA:39,1
LF:14
LH:13
end_of_record
TN:
SF:/Users/os/Documents/code/biblio/gen-dungeon/game/src/tests/unit/math_bp_test.cairo
FN:18,dojo_starter::tests::unit::math_bp_test::tests::math_bp_clamp_low_mid_high
FNDA:1,dojo_starter::tests::unit::math_bp_test::tests::math_bp_clamp_low_mid_high
FN:12,dojo_starter::tests::unit::math_bp_test::tests::math_bp_div_floor
FNDA:1,dojo_starter::tests::unit::math_bp_test::tests::math_bp_div_floor
FN:5,dojo_starter::tests::unit::math_bp_test::tests::math_bp_mul_floor
FNDA:1,dojo_starter::tests::unit::math_bp_test::tests::math_bp_mul_floor
FNF:3
FNH:3
DA:5,1
DA:8,1
DA:9,1
DA:12,1
DA:14,1
DA:15,1
DA:18,1
DA:20,1
DA:21,1
DA:22,1
DA:24,1
DA:25,1
DA:26,1
LF:13
LH:13
end_of_record
TN:
SF:/Users/os/Documents/code/biblio/gen-dungeon/game/src/tests/unit/ownership_manager_test.cairo
FN:9,dojo_starter::tests::unit::ownership_manager_test::tests::ownership_manager_get_owner_returns_area_controller
FNDA:1,dojo_starter::tests::unit::ownership_manager_test::tests::ownership_manager_get_owner_returns_area_controller
FN:51,dojo_starter::tests::unit::ownership_manager_test::tests::ownership_manager_transfer_rejects_wrong_owner_or_invalid_target
FNDA:1,dojo_starter::tests::unit::ownership_manager_test::tests::ownership_manager_transfer_rejects_wrong_owner_or_invalid_target
FN:23,dojo_starter::tests::unit::ownership_manager_test::tests::ownership_manager_transfer_updates_owner_and_claim_block
FNDA:1,dojo_starter::tests::unit::ownership_manager_test::tests::ownership_manager_transfer_updates_owner_and_claim_block
FNF:3
FNH:3
DA:9,1
DA:19,1
DA:20,1
DA:23,1
DA:25,1
DA:44,1
DA:45,1
DA:46,1
DA:47,1
DA:48,1
DA:51,1
DA:53,1
DA:54,1
DA:73,1
DA:74,1
DA:75,1
DA:77,1
DA:78,1
DA:79,1
DA:82,1
DA:83,1
LF:21
LH:21
end_of_record
TN:
SF:/Users/os/Documents/code/biblio/gen-dungeon/game/src/tests/unit/world_events_test.cairo
FN:21,dojo_starter::tests::unit::world_events_test::tests::world_events_area_discovered_payload_shape
FNDA:1,dojo_starter::tests::unit::world_events_test::tests::world_events_area_discovered_payload_shape
FN:7,dojo_starter::tests::unit::world_events_test::tests::world_events_hex_discovered_payload_shape
FNDA:1,dojo_starter::tests::unit::world_events_test::tests::world_events_hex_discovered_payload_shape
FNF:2
FNH:2
DA:7,1
DA:9,1
DA:16,1
DA:17,1
DA:18,1
DA:21,1
DA:23,1
DA:31,1
DA:32,1
DA:33,1
DA:34,1
LF:11
LH:11
end_of_record
TN:
SF:/Users/os/Documents/code/biblio/gen-dungeon/game/src/tests/unit/world_manager_test.cairo
FN:170,dojo_starter::tests::unit::world_manager_test::tests::world_manager_actor_guard_enforces_owner_alive_and_energy
FNDA:1,dojo_starter::tests::unit::world_manager_test::tests::world_manager_actor_guard_enforces_owner_alive_and_energy
FN:81,dojo_starter::tests::unit::world_manager_test::tests::world_manager_discover_area_first_discovery_emits_event
FNDA:1,dojo_starter::tests::unit::world_manager_test::tests::world_manager_discover_area_first_discovery_emits_event
FN:106,dojo_starter::tests::unit::world_manager_test::tests::world_manager_discover_area_rejects_invalid_identity
FNDA:1,dojo_starter::tests::unit::world_manager_test::tests::world_manager_discover_area_rejects_invalid_identity
FN:58,dojo_starter::tests::unit::world_manager_test::tests::world_manager_discover_area_rejects_invalid_index
FNDA:1,dojo_starter::tests::unit::world_manager_test::tests::world_manager_discover_area_rejects_invalid_index
FN:13,dojo_starter::tests::unit::world_manager_test::tests::world_manager_discover_hex_first_discovery_spends_energy_and_emits
FNDA:1,dojo_starter::tests::unit::world_manager_test::tests::world_manager_discover_hex_first_discovery_spends_energy_and_emits
FN:35,dojo_starter::tests::unit::world_manager_test::tests::world_manager_discover_hex_replay_spends_zero_and_no_event
FNDA:1,dojo_starter::tests::unit::world_manager_test::tests::world_manager_discover_hex_replay_spends_zero_and_no_event
FN:131,dojo_starter::tests::unit::world_manager_test::tests::world_manager_move_requires_adjacency
FNDA:1,dojo_starter::tests::unit::world_manager_test::tests::world_manager_move_requires_adjacency
FN:150,dojo_starter::tests::unit::world_manager_test::tests::world_manager_move_transition_sets_outcome_energy_and_event
FNDA:1,dojo_starter::tests::unit::world_manager_test::tests::world_manager_move_transition_sets_outcome_energy_and_event
FNF:8
FNH:8
DA:13,1
DA:20,1
DA:23,1
DA:24,1
DA:28,1
DA:29,1
DA:30,1
DA:31,1
DA:32,1
DA:35,1
DA:42,1
DA:46,1
DA:47,1
DA:51,1
DA:52,1
DA:53,1
DA:54,1
DA:55,1
DA:58,1
DA:60,1
DA:62,1
DA:67,1
DA:72,1
DA:76,1
DA:77,1
DA:78,1
DA:81,1
DA:84,1
DA:89,1
DA:94,1
DA:95,1
DA:99,1
DA:100,1
DA:101,1
DA:102,1
DA:103,1
DA:106,1
DA:108,1
DA:110,1
DA:115,1
DA:120,1
DA:124,1
DA:125,1
DA:127,1
DA:128,1
DA:131,1
DA:137,1
DA:138,1
DA:140,1
DA:141,1
DA:142,0
DA:144,1
DA:146,0
DA:150,1
DA:156,1
DA:157,1
DA:159,1
DA:160,1
DA:161,1
DA:162,1
DA:163,1
DA:165,1
DA:166,1
DA:167,1
DA:170,1
DA:174,1
DA:182,1
DA:183,1
DA:185,1
DA:188,1
DA:189,1
DA:191,1
DA:192,1
DA:193,1
DA:196,1
DA:197,1
DA:199,1
DA:200,1
LF:78
LH:76
end_of_record
TN:
SF:/Users/os/Documents/code/biblio/gen-dungeon/game/src/tests/unit/world_models_test.cairo
FN:101,dojo_starter::tests::unit::world_models_test::tests::world_models_area_discovery_idempotent_and_immutable
FNDA:1,dojo_starter::tests::unit::world_models_test::tests::world_models_area_discovery_idempotent_and_immutable
FN:10,dojo_starter::tests::unit::world_models_test::tests::world_models_area_id_is_deterministic
FNDA:1,dojo_starter::tests::unit::world_models_test::tests::world_models_area_id_is_deterministic
FN:25,dojo_starter::tests::unit::world_models_test::tests::world_models_area_id_matches_poseidon_domain_hash
FNDA:1,dojo_starter::tests::unit::world_models_test::tests::world_models_area_id_matches_poseidon_domain_hash
FN:50,dojo_starter::tests::unit::world_models_test::tests::world_models_area_identity_validation
FNDA:1,dojo_starter::tests::unit::world_models_test::tests::world_models_area_identity_validation
FN:42,dojo_starter::tests::unit::world_models_test::tests::world_models_area_index_validation_bounds
FNDA:1,dojo_starter::tests::unit::world_models_test::tests::world_models_area_index_validation_bounds
FN:147,dojo_starter::tests::unit::world_models_test::tests::world_models_discover_helpers_return_write_status
FNDA:1,dojo_starter::tests::unit::world_models_test::tests::world_models_discover_helpers_return_write_status
FN:70,dojo_starter::tests::unit::world_models_test::tests::world_models_hex_discovery_idempotent_and_immutable
FNDA:1,dojo_starter::tests::unit::world_models_test::tests::world_models_hex_discovery_idempotent_and_immutable
FNF:7
FNH:7
DA:10,1
DA:15,1
DA:16,1
DA:17,1
DA:18,1
DA:20,1
DA:21,1
DA:22,1
DA:25,1
DA:29,1
DA:32,1
DA:38,1
DA:39,1
DA:42,1
DA:44,1
DA:45,1
DA:46,1
DA:47,1
DA:50,1
DA:54,1
DA:59,1
DA:64,1
DA:66,1
DA:67,1
DA:70,1
DA:77,1
DA:81,1
DA:82,1
DA:84,1
DA:87,1
DA:88,1
DA:89,1
DA:90,1
DA:91,1
DA:93,1
DA:94,1
DA:95,1
DA:96,1
DA:97,1
DA:98,1
DA:101,1
DA:105,1
DA:112,1
DA:117,1
DA:118,1
DA:120,1
DA:127,1
DA:128,1
DA:129,1
DA:130,1
DA:131,1
DA:133,1
DA:140,1
DA:141,1
DA:142,1
DA:143,1
DA:144,1
DA:147,1
DA:154,1
DA:157,1
DA:158,1
DA:161,1
DA:162,1
DA:163,1
DA:165,1
DA:168,1
DA:173,1
DA:177,1
DA:180,1
DA:181,1
DA:183,1
DA:188,1
LF:72
LH:72
end_of_record
